/usr/bin/python2.7 /home/soloice/PycharmProjects/SVM_RC/src2/svm_test_full.py
<type 'numpy.ndarray'>
shape (full): (70000, 784) (70000,)
(10000, 784) Counter({1.0: 1107, 3.0: 1041, 2.0: 1036, 9.0: 1019, 4.0: 1012, 0.0: 1011, 8.0: 993, 7.0: 986, 6.0: 930, 5.0: 865})
(60000, 784) Counter({1.0: 6770, 7.0: 6307, 3.0: 6100, 2.0: 5954, 6.0: 5946, 9.0: 5939, 0.0: 5892, 8.0: 5832, 4.0: 5812, 5.0: 5448})
(10000, 784) (10000,)
[ 0.  1.  2.  3.  4.  5.  6.  7.  8.  9.]
Begin training classifier for label 0.0 and label 1.0 at 2016-05-22, 16:26:16
(2118, 784) (2118,)
(2118, 784) (2118,)
     pcost       dcost       gap    pres   dres
 0: -4.7520e+01 -3.0989e+03  1e+04  2e+00  3e-13
 1: -2.7998e+01 -1.3956e+03  3e+03  3e-01  2e-13
 2: -1.1708e+01 -4.9096e+02  8e+02  8e-02  2e-13
 3: -2.4751e+00 -1.7620e+02  3e+02  2e-02  8e-14
 4: -4.5471e-01 -3.5564e+01  5e+01  3e-03  3e-14
 5: -1.3097e-01 -7.1892e+00  1e+01  6e-04  1e-14
 6: -2.3682e-01 -1.8179e+00  2e+00  1e-04  1e-14
 7: -3.3458e-01 -1.0591e+00  8e-01  3e-05  9e-15
 8: -3.7522e-01 -9.0785e-01  5e-01  9e-07  1e-14
 9: -4.4116e-01 -7.3617e-01  3e-01  4e-07  8e-15
10: -4.4251e-01 -7.0439e-01  3e-01  8e-08  9e-15
11: -4.9139e-01 -6.1388e-01  1e-01  3e-08  9e-15
12: -4.9038e-01 -6.0324e-01  1e-01  5e-09  9e-15
13: -5.2666e-01 -5.5176e-01  3e-02  8e-11  1e-14
14: -5.3563e-01 -5.3980e-01  4e-03  1e-12  1e-14
15: -5.3751e-01 -5.3763e-01  1e-04  3e-14  1e-14
16: -5.3756e-01 -5.3756e-01  1e-06  6e-16  1e-14
17: -5.3756e-01 -5.3756e-01  1e-08  2e-16  1e-14
Optimal solution found.
55 SVs!
Training time for 0.0-vs-1.0: 6.7438120842 seconds
Begin training classifier for label 0.0 and label 2.0 at 2016-05-22, 16:26:23
(2047, 784) (2047,)
(2047, 784) (2047,)
     pcost       dcost       gap    pres   dres
 0: -1.8238e+02 -4.0067e+03  2e+04  3e+00  2e-12
 1: -1.0751e+02 -2.2044e+03  4e+03  4e-01  2e-12
 2: -4.5974e+01 -6.7753e+02  1e+03  1e-01  9e-13
 3: -1.8930e+01 -2.3943e+02  4e+02  3e-02  5e-13
 4: -8.0318e+00 -1.5435e+02  2e+02  1e-02  3e-13
 5: -3.3397e+00 -3.6632e+01  5e+01  2e-03  2e-13
 6: -3.4827e+00 -1.0741e+01  9e+00  4e-04  1e-13
 7: -4.0830e+00 -7.0415e+00  3e+00  7e-05  1e-13
 8: -4.5982e+00 -5.6256e+00  1e+00  7e-06  1e-13
 9: -4.8866e+00 -5.1008e+00  2e-01  8e-07  1e-13
10: -4.9641e+00 -4.9808e+00  2e-02  1e-14  1e-13
11: -4.9717e+00 -4.9720e+00  3e-04  4e-15  1e-13
12: -4.9718e+00 -4.9718e+00  4e-06  7e-15  1e-13
Optimal solution found.
124 SVs!
Training time for 0.0-vs-2.0: 5.13456487656 seconds
Begin training classifier for label 0.0 and label 3.0 at 2016-05-22, 16:26:28
(2052, 784) (2052,)
(2052, 784) (2052,)
     pcost       dcost       gap    pres   dres
 0: -1.4326e+02 -4.3720e+03  3e+04  3e+00  2e-12
 1: -8.2904e+01 -2.4539e+03  5e+03  4e-01  1e-12
 2: -3.2277e+01 -7.2915e+02  1e+03  9e-02  8e-13
 3: -1.4465e+01 -3.1840e+02  5e+02  4e-02  5e-13
 4: -1.8441e+00 -1.5074e+02  2e+02  1e-02  2e-13
 5: -1.5759e-01 -1.9966e+01  3e+01  1e-03  1e-13
 6: -1.0410e+00 -6.4783e+00  6e+00  2e-04  6e-14
 7: -1.6610e+00 -3.6348e+00  2e+00  3e-15  6e-14
 8: -2.0483e+00 -2.8739e+00  8e-01  5e-15  6e-14
 9: -2.2428e+00 -2.4978e+00  3e-01  5e-15  7e-14
10: -2.2978e+00 -2.3971e+00  1e-01  9e-16  7e-14
11: -2.3366e+00 -2.3497e+00  1e-02  1e-15  7e-14
12: -2.3424e+00 -2.3426e+00  2e-04  2e-15  7e-14
13: -2.3425e+00 -2.3425e+00  2e-06  5e-16  7e-14
Optimal solution found.
96 SVs!
Training time for 0.0-vs-3.0: 5.87646889687 seconds
Begin training classifier for label 0.0 and label 4.0 at 2016-05-22, 16:26:34
(2023, 784) (2023,)
(2023, 784) (2023,)
     pcost       dcost       gap    pres   dres
 0: -1.1187e+02 -3.5370e+03  2e+04  2e+00  1e-12
 1: -6.5098e+01 -1.8099e+03  3e+03  3e-01  7e-13
 2: -2.2158e+01 -4.5254e+02  7e+02  7e-02  4e-13
 3: -1.1131e+01 -2.1755e+02  3e+02  3e-02  2e-13
 4: -2.4567e+00 -6.8416e+01  1e+02  7e-03  1e-13
 5: -9.6295e-01 -9.3134e+00  1e+01  6e-04  6e-14
 6: -1.2984e+00 -4.5283e+00  4e+00  2e-04  4e-14
 7: -1.5932e+00 -2.8364e+00  1e+00  3e-05  4e-14
 8: -1.8096e+00 -2.2664e+00  5e-01  5e-07  5e-14
 9: -1.9215e+00 -2.0713e+00  1e-01  4e-15  5e-14
10: -1.9788e+00 -1.9944e+00  2e-02  2e-16  5e-14
11: -1.9857e+00 -1.9862e+00  5e-04  3e-16  5e-14
12: -1.9860e+00 -1.9860e+00  8e-06  2e-16  5e-14
13: -1.9860e+00 -1.9860e+00  1e-07  3e-15  5e-14
Optimal solution found.
83 SVs!
Training time for 0.0-vs-4.0: 5.52216100693 seconds
Begin training classifier for label 0.0 and label 5.0 at 2016-05-22, 16:26:40
(1876, 784) (1876,)
(1876, 784) (1876,)
     pcost       dcost       gap    pres   dres
 0: -1.7690e+02 -3.9869e+03  2e+04  3e+00  2e-12
 1: -1.0355e+02 -2.2975e+03  5e+03  4e-01  1e-12
 2: -4.2890e+01 -7.1375e+02  1e+03  1e-01  9e-13
 3: -1.8782e+01 -2.6691e+02  4e+02  3e-02  5e-13
 4: -6.8803e+00 -1.1177e+02  2e+02  1e-02  3e-13
 5: -3.9554e+00 -7.7022e+01  1e+02  6e-03  2e-13
 6: -1.7813e+00 -2.7527e+01  3e+01  3e-04  2e-13
 7: -3.8967e+00 -1.7304e+01  1e+01  1e-04  1e-13
 8: -5.2626e+00 -1.2508e+01  7e+00  3e-05  1e-13
 9: -6.2023e+00 -9.4737e+00  3e+00  2e-15  2e-13
10: -6.8974e+00 -8.0586e+00  1e+00  6e-15  2e-13
11: -7.2435e+00 -7.4184e+00  2e-01  3e-14  2e-13
12: -7.3118e+00 -7.3273e+00  2e-02  1e-14  2e-13
13: -7.3183e+00 -7.3189e+00  6e-04  1e-14  2e-13
14: -7.3186e+00 -7.3186e+00  1e-05  6e-15  2e-13
15: -7.3186e+00 -7.3186e+00  2e-07  4e-15  2e-13
Optimal solution found.
144 SVs!
Training time for 0.0-vs-5.0: 4.47307491302 seconds
Begin training classifier for label 0.0 and label 6.0 at 2016-05-22, 16:26:44
(1941, 784) (1941,)
(1941, 784) (1941,)
     pcost       dcost       gap    pres   dres
 0: -1.6689e+02 -3.7022e+03  2e+04  3e+00  2e-12
 1: -9.8968e+01 -2.0176e+03  4e+03  4e-01  2e-12
 2: -4.2145e+01 -5.8005e+02  9e+02  9e-02  9e-13
 3: -2.3606e+01 -2.8618e+02  5e+02  4e-02  5e-13
 4: -7.8755e+00 -1.1965e+02  2e+02  1e-02  3e-13
 5: -3.9591e+00 -4.6911e+01  6e+01  4e-03  2e-13
 6: -3.2887e+00 -1.1359e+01  1e+01  5e-04  1e-13
 7: -4.0658e+00 -7.0036e+00  3e+00  8e-05  1e-13
 8: -4.5953e+00 -5.5782e+00  1e+00  2e-14  1e-13
 9: -4.9456e+00 -5.0214e+00  8e-02  1e-14  1e-13
10: -4.9789e+00 -4.9801e+00  1e-03  4e-15  1e-13
11: -4.9794e+00 -4.9794e+00  1e-05  7e-15  1e-13
12: -4.9794e+00 -4.9794e+00  1e-07  2e-14  1e-13
Optimal solution found.
102 SVs!
Training time for 0.0-vs-6.0: 4.55887293816 seconds
Begin training classifier for label 0.0 and label 7.0 at 2016-05-22, 16:26:49
(1997, 784) (1997,)
(1997, 784) (1997,)
     pcost       dcost       gap    pres   dres
 0: -1.1661e+02 -3.7112e+03  2e+04  3e+00  9e-13
 1: -6.6562e+01 -1.9677e+03  4e+03  4e-01  7e-13
 2: -2.1536e+01 -4.9271e+02  8e+02  7e-02  5e-13
 3: -6.3978e+00 -1.5099e+02  2e+02  2e-02  3e-13
 4: -2.1477e+00 -3.5146e+01  5e+01  3e-03  1e-13
 5: -1.4196e+00 -8.1339e+00  9e+00  5e-04  6e-14
 6: -1.7732e+00 -3.8076e+00  2e+00  1e-04  5e-14
 7: -1.9568e+00 -2.8223e+00  9e-01  3e-15  5e-14
 8: -2.1847e+00 -2.4038e+00  2e-01  7e-15  5e-14
 9: -2.2581e+00 -2.2969e+00  4e-02  1e-15  5e-14
10: -2.2740e+00 -2.2753e+00  1e-03  1e-15  5e-14
11: -2.2746e+00 -2.2746e+00  2e-05  3e-15  5e-14
12: -2.2746e+00 -2.2746e+00  2e-07  3e-15  6e-14
Optimal solution found.
86 SVs!
Training time for 0.0-vs-7.0: 4.37419700623 seconds
Begin training classifier for label 0.0 and label 8.0 at 2016-05-22, 16:26:53
(2004, 784) (2004,)
(2004, 784) (2004,)
     pcost       dcost       gap    pres   dres
 0: -1.2681e+02 -3.4117e+03  2e+04  2e+00  1e-12
 1: -7.7002e+01 -1.7389e+03  3e+03  3e-01  1e-12
 2: -3.6777e+01 -5.9863e+02  1e+03  1e-01  8e-13
 3: -1.7735e+01 -2.5581e+02  4e+02  4e-02  5e-13
 4: -7.8088e+00 -1.1927e+02  2e+02  1e-02  3e-13
 5: -2.5964e+00 -4.9663e+01  7e+01  3e-03  2e-13
 6: -2.8310e+00 -1.7164e+01  2e+01  8e-04  1e-13
 7: -3.5795e+00 -9.4889e+00  7e+00  3e-04  1e-13
 8: -3.9360e+00 -6.7937e+00  3e+00  2e-05  1e-13
 9: -4.5394e+00 -5.3862e+00  9e-01  4e-06  1e-13
10: -4.7927e+00 -4.9119e+00  1e-01  2e-07  1e-13
11: -4.8407e+00 -4.8447e+00  4e-03  6e-09  1e-13
12: -4.8424e+00 -4.8425e+00  5e-05  8e-11  2e-13
13: -4.8425e+00 -4.8425e+00  5e-07  8e-13  1e-13
Optimal solution found.
107 SVs!
Training time for 0.0-vs-8.0: 4.52616691589 seconds
Begin training classifier for label 0.0 and label 9.0 at 2016-05-22, 16:26:58
(2030, 784) (2030,)
(2030, 784) (2030,)
     pcost       dcost       gap    pres   dres
 0: -1.2969e+02 -3.5733e+03  2e+04  2e+00  1e-12
 1: -7.6580e+01 -1.8191e+03  3e+03  3e-01  9e-13
 2: -2.7937e+01 -4.4363e+02  7e+02  6e-02  6e-13
 3: -1.2964e+01 -1.8631e+02  3e+02  2e-02  3e-13
 4: -8.0024e+00 -9.3949e+01  1e+02  1e-02  2e-13
 5: -3.3961e+00 -6.4153e+01  9e+01  5e-03  1e-13
 6: -2.2259e+00 -1.4622e+01  2e+01  8e-04  1e-13
 7: -2.9415e+00 -6.8255e+00  5e+00  2e-04  9e-14
 8: -3.2586e+00 -5.4228e+00  2e+00  1e-05  9e-14
 9: -3.7922e+00 -4.3275e+00  5e-01  2e-06  9e-14
10: -3.9488e+00 -4.0593e+00  1e-01  2e-07  9e-14
11: -3.9874e+00 -4.0051e+00  2e-02  2e-08  9e-14
12: -3.9948e+00 -3.9953e+00  5e-04  2e-10  1e-13
13: -3.9950e+00 -3.9950e+00  5e-06  2e-12  1e-13
14: -3.9950e+00 -3.9950e+00  5e-08  2e-14  1e-13
Optimal solution found.
99 SVs!
Training time for 0.0-vs-9.0: 6.46775698662 seconds
Begin training classifier for label 1.0 and label 2.0 at 2016-05-22, 16:27:04
(2143, 784) (2143,)
(2143, 784) (2143,)
     pcost       dcost       gap    pres   dres
 0: -1.9489e+02 -4.3665e+03  2e+04  3e+00  1e-12
 1: -1.2034e+02 -2.5954e+03  6e+03  5e-01  1e-12
 2: -6.1710e+01 -9.2511e+02  2e+03  1e-01  8e-13
 3: -3.7217e+01 -4.5725e+02  7e+02  6e-02  5e-13
 4: -1.8975e+01 -1.9218e+02  3e+02  2e-02  3e-13
 5: -9.7588e+00 -1.1722e+02  2e+02  9e-03  2e-13
 6: -6.9384e+00 -6.5108e+01  8e+01  4e-03  2e-13
 7: -5.1790e+00 -3.4237e+01  3e+01  9e-04  1e-13
 8: -6.9903e+00 -2.0193e+01  1e+01  3e-04  1e-13
 9: -7.5299e+00 -1.5488e+01  8e+00  2e-15  2e-13
10: -8.8429e+00 -1.2313e+01  3e+00  2e-14  1e-13
11: -9.4388e+00 -1.0948e+01  2e+00  2e-14  2e-13
12: -9.9219e+00 -1.0193e+01  3e-01  1e-14  1e-13
13: -1.0007e+01 -1.0059e+01  5e-02  5e-15  2e-13
14: -1.0031e+01 -1.0032e+01  9e-04  3e-15  2e-13
15: -1.0031e+01 -1.0031e+01  9e-06  1e-14  2e-13
Optimal solution found.
133 SVs!
Training time for 1.0-vs-2.0: 7.44799184799 seconds
Begin training classifier for label 1.0 and label 3.0 at 2016-05-22, 16:27:12
(2148, 784) (2148,)
(2148, 784) (2148,)
     pcost       dcost       gap    pres   dres
 0: -1.1649e+02 -4.0598e+03  2e+04  3e+00  1e-12
 1: -6.9857e+01 -2.1967e+03  4e+03  4e-01  8e-13
 2: -2.9667e+01 -7.3041e+02  1e+03  9e-02  5e-13
 3: -1.5477e+01 -3.1975e+02  5e+02  4e-02  3e-13
 4: -5.2146e+00 -1.5570e+02  2e+02  1e-02  2e-13
 5: -2.3187e+00 -4.3600e+01  6e+01  3e-03  1e-13
 6: -2.7062e+00 -1.6426e+01  2e+01  7e-04  8e-14
 7: -3.0499e+00 -9.3004e+00  7e+00  2e-04  7e-14
 8: -3.6809e+00 -6.5516e+00  3e+00  4e-05  6e-14
 9: -3.8268e+00 -5.9590e+00  2e+00  1e-05  7e-14
10: -4.3037e+00 -4.9722e+00  7e-01  4e-06  7e-14
11: -4.4891e+00 -4.6096e+00  1e-01  4e-16  8e-14
12: -4.5405e+00 -4.5443e+00  4e-03  5e-15  8e-14
13: -4.5422e+00 -4.5423e+00  6e-05  1e-14  8e-14
14: -4.5422e+00 -4.5422e+00  8e-07  1e-14  8e-14
Optimal solution found.
105 SVs!
Training time for 1.0-vs-3.0: 6.02987599373 seconds
Begin training classifier for label 1.0 and label 4.0 at 2016-05-22, 16:27:18
(2119, 784) (2119,)
(2119, 784) (2119,)
     pcost       dcost       gap    pres   dres
 0: -7.6671e+01 -3.7330e+03  2e+04  2e+00  4e-13
 1: -4.4317e+01 -1.9046e+03  4e+03  3e-01  4e-13
 2: -1.7983e+01 -6.1122e+02  1e+03  9e-02  2e-13
 3: -9.6157e+00 -2.8781e+02  5e+02  4e-02  1e-13
 4: -4.3530e+00 -1.5412e+02  2e+02  2e-02  9e-14
 5: -1.0342e+00 -8.0497e+01  1e+02  6e-03  7e-14
 6: -8.1758e-01 -1.2439e+01  1e+01  5e-04  5e-14
 7: -1.4994e+00 -7.5379e+00  7e+00  2e-04  4e-14
 8: -2.1291e+00 -4.8119e+00  3e+00  4e-05  4e-14
 9: -2.4707e+00 -3.8694e+00  1e+00  6e-06  5e-14
10: -2.7197e+00 -3.3013e+00  6e-01  2e-06  5e-14
11: -2.8391e+00 -3.0390e+00  2e-01  1e-15  5e-14
12: -2.9118e+00 -2.9381e+00  3e-02  4e-15  5e-14
13: -2.9223e+00 -2.9244e+00  2e-03  1e-14  5e-14
14: -2.9233e+00 -2.9233e+00  3e-05  6e-15  5e-14
15: -2.9233e+00 -2.9233e+00  3e-07  5e-15  5e-14
Optimal solution found.
75 SVs!
Training time for 1.0-vs-4.0: 6.19401192665 seconds
Begin training classifier for label 1.0 and label 5.0 at 2016-05-22, 16:27:24
(1972, 784) (1972,)
(1972, 784) (1972,)
     pcost       dcost       gap    pres   dres
 0: -7.7999e+01 -3.1141e+03  2e+04  2e+00  4e-13
 1: -4.7251e+01 -1.5167e+03  3e+03  3e-01  4e-13
 2: -1.8218e+01 -5.4588e+02  9e+02  8e-02  3e-13
 3: -1.0024e+01 -3.0429e+02  5e+02  4e-02  2e-13
 4: -1.9276e+00 -1.0768e+02  2e+02  1e-02  9e-14
 5: -1.0768e+00 -1.6546e+01  2e+01  1e-03  6e-14
 6: -1.6776e+00 -9.3931e+00  9e+00  5e-04  4e-14
 7: -1.8760e+00 -5.7114e+00  4e+00  2e-16  4e-14
 8: -2.4537e+00 -4.1880e+00  2e+00  2e-16  4e-14
 9: -2.7043e+00 -3.5879e+00  9e-01  4e-15  4e-14
10: -2.8933e+00 -3.2127e+00  3e-01  7e-15  4e-14
11: -2.9739e+00 -3.0815e+00  1e-01  6e-15  5e-14
12: -3.0145e+00 -3.0305e+00  2e-02  1e-15  4e-14
13: -3.0214e+00 -3.0219e+00  5e-04  2e-15  4e-14
14: -3.0217e+00 -3.0217e+00  8e-06  6e-15  5e-14
15: -3.0217e+00 -3.0217e+00  1e-07  1e-15  5e-14
Optimal solution found.
99 SVs!
Training time for 1.0-vs-5.0: 5.01447987556 seconds
Begin training classifier for label 1.0 and label 6.0 at 2016-05-22, 16:27:29
(2037, 784) (2037,)
(2037, 784) (2037,)
     pcost       dcost       gap    pres   dres
 0: -8.4499e+01 -3.3609e+03  2e+04  2e+00  6e-13
 1: -4.8661e+01 -1.6846e+03  3e+03  3e-01  4e-13
 2: -1.6789e+01 -4.2591e+02  7e+02  6e-02  2e-13
 3: -5.9274e+00 -1.5817e+02  2e+02  2e-02  1e-13
 4: -1.3570e+00 -6.6675e+01  1e+02  6e-03  5e-14
 5: -5.0995e-01 -1.5215e+01  2e+01  1e-03  3e-14
 6: -8.2199e-01 -7.1306e+00  8e+00  4e-04  2e-14
 7: -1.0251e+00 -3.2138e+00  2e+00  7e-06  2e-14
 8: -1.1969e+00 -2.8832e+00  2e+00  2e-06  2e-14
 9: -1.5872e+00 -2.0082e+00  4e-01  3e-07  2e-14
10: -1.6630e+00 -1.8657e+00  2e-01  1e-15  2e-14
11: -1.7299e+00 -1.7766e+00  5e-02  2e-16  2e-14
12: -1.7479e+00 -1.7528e+00  5e-03  4e-15  3e-14
13: -1.7502e+00 -1.7503e+00  7e-05  2e-15  3e-14
14: -1.7502e+00 -1.7502e+00  9e-07  6e-15  3e-14
Optimal solution found.
67 SVs!
Training time for 1.0-vs-6.0: 5.1972079277 seconds
Begin training classifier for label 1.0 and label 7.0 at 2016-05-22, 16:27:34
(2093, 784) (2093,)
(2093, 784) (2093,)
     pcost       dcost       gap    pres   dres
 0: -1.0075e+02 -3.6434e+03  2e+04  2e+00  7e-13
 1: -6.1183e+01 -1.8724e+03  4e+03  3e-01  6e-13
 2: -2.8165e+01 -5.4779e+02  9e+02  8e-02  4e-13
 3: -1.7792e+01 -2.9582e+02  5e+02  4e-02  2e-13
 4: -8.6103e+00 -1.3447e+02  2e+02  1e-02  2e-13
 5: -4.3633e+00 -7.6405e+01  1e+02  5e-03  1e-13
 6: -4.4081e+00 -3.3418e+01  4e+01  2e-03  8e-14
 7: -4.9541e+00 -1.6242e+01  1e+01  2e-04  9e-14
 8: -6.1348e+00 -1.1374e+01  5e+00  7e-05  8e-14
 9: -6.9532e+00 -8.9799e+00  2e+00  1e-05  9e-14
10: -7.2857e+00 -8.1720e+00  9e-01  2e-14  1e-13
11: -7.5548e+00 -7.7813e+00  2e-01  9e-15  9e-14
12: -7.6323e+00 -7.6697e+00  4e-02  2e-14  1e-13
13: -7.6490e+00 -7.6508e+00  2e-03  2e-14  1e-13
14: -7.6498e+00 -7.6499e+00  3e-05  2e-15  1e-13
15: -7.6498e+00 -7.6498e+00  3e-07  7e-15  1e-13
Optimal solution found.
89 SVs!
Training time for 1.0-vs-7.0: 6.07483100891 seconds
Begin training classifier for label 1.0 and label 8.0 at 2016-05-22, 16:27:40
(2100, 784) (2100,)
(2100, 784) (2100,)
     pcost       dcost       gap    pres   dres
 0: -2.3021e+02 -4.5083e+03  3e+04  3e+00  2e-12
 1: -1.4566e+02 -2.6864e+03  5e+03  5e-01  2e-12
 2: -8.0020e+01 -1.1269e+03  2e+03  1e-01  1e-12
 3: -4.7016e+01 -5.0433e+02  8e+02  6e-02  7e-13
 4: -2.7012e+01 -2.1937e+02  3e+02  2e-02  5e-13
 5: -1.6818e+01 -9.3880e+01  1e+02  6e-03  4e-13
 6: -1.2223e+01 -3.5778e+01  3e+01  5e-04  3e-13
 7: -1.4715e+01 -2.5733e+01  1e+01  1e-04  3e-13
 8: -1.5826e+01 -2.1831e+01  6e+00  8e-15  3e-13
 9: -1.7370e+01 -1.8940e+01  2e+00  2e-14  3e-13
10: -1.7881e+01 -1.8095e+01  2e-01  3e-14  3e-13
11: -1.7969e+01 -1.7977e+01  8e-03  9e-15  3e-13
12: -1.7972e+01 -1.7972e+01  9e-05  2e-14  3e-13
13: -1.7972e+01 -1.7972e+01  9e-07  3e-14  3e-13
Optimal solution found.
138 SVs!
Training time for 1.0-vs-8.0: 5.86682486534 seconds
Begin training classifier for label 1.0 and label 9.0 at 2016-05-22, 16:27:46
(2126, 784) (2126,)
(2126, 784) (2126,)
     pcost       dcost       gap    pres   dres
 0: -7.7922e+01 -3.5588e+03  2e+04  2e+00  7e-13
 1: -4.5781e+01 -1.7457e+03  3e+03  3e-01  5e-13
 2: -1.7794e+01 -5.8247e+02  9e+02  7e-02  3e-13
 3: -8.7137e+00 -2.4968e+02  4e+02  3e-02  2e-13
 4: -2.8543e+00 -7.1904e+01  1e+02  6e-03  1e-13
 5: -1.9088e+00 -1.3540e+01  2e+01  8e-04  6e-14
 6: -2.3346e+00 -7.2406e+00  6e+00  3e-04  5e-14
 7: -2.7959e+00 -4.3671e+00  2e+00  2e-05  5e-14
 8: -3.0873e+00 -3.6888e+00  6e-01  1e-14  6e-14
 9: -3.2791e+00 -3.4061e+00  1e-01  1e-14  6e-14
10: -3.3280e+00 -3.3381e+00  1e-02  8e-15  6e-14
11: -3.3325e+00 -3.3329e+00  4e-04  2e-15  6e-14
12: -3.3327e+00 -3.3327e+00  1e-05  3e-15  6e-14
13: -3.3327e+00 -3.3327e+00  1e-07  3e-16  6e-14
Optimal solution found.
75 SVs!
Training time for 1.0-vs-9.0: 6.45799922943 seconds
Begin training classifier for label 2.0 and label 3.0 at 2016-05-22, 16:27:53
(2077, 784) (2077,)
(2077, 784) (2077,)
     pcost       dcost       gap    pres   dres
 0: -2.7945e+02 -4.2208e+03  2e+04  3e+00  2e-12
 1: -1.7475e+02 -2.4747e+03  5e+03  4e-01  3e-12
 2: -9.5701e+01 -8.4378e+02  1e+03  1e-01  2e-12
 3: -5.7114e+01 -3.3709e+02  5e+02  4e-02  1e-12
 4: -3.4011e+01 -1.3523e+02  2e+02  1e-02  8e-13
 5: -2.6229e+01 -5.8646e+01  5e+01  2e-03  7e-13
 6: -2.6829e+01 -3.2869e+01  7e+00  2e-04  7e-13
 7: -2.8089e+01 -2.9221e+01  1e+00  3e-05  7e-13
 8: -2.8417e+01 -2.8534e+01  1e-01  1e-15  7e-13
 9: -2.8468e+01 -2.8471e+01  3e-03  2e-14  7e-13
10: -2.8469e+01 -2.8469e+01  5e-05  3e-14  7e-13
11: -2.8469e+01 -2.8469e+01  7e-07  5e-15  7e-13
Optimal solution found.
207 SVs!
Training time for 2.0-vs-3.0: 4.32209610939 seconds
Begin training classifier for label 2.0 and label 4.0 at 2016-05-22, 16:27:57
(2048, 784) (2048,)
(2048, 784) (2048,)
     pcost       dcost       gap    pres   dres
 0: -1.8870e+02 -4.3713e+03  3e+04  3e+00  1e-12
 1: -1.1411e+02 -2.5458e+03  5e+03  5e-01  1e-12
 2: -4.8788e+01 -7.3612e+02  1e+03  9e-02  9e-13
 3: -2.2433e+01 -2.8545e+02  4e+02  3e-02  5e-13
 4: -1.2723e+01 -1.2018e+02  2e+02  1e-02  3e-13
 5: -5.4654e+00 -9.5965e+01  1e+02  5e-03  2e-13
 6: -6.4241e+00 -4.2336e+01  5e+01  2e-03  2e-13
 7: -6.8394e+00 -2.1199e+01  1e+01  6e-15  2e-13
 8: -8.8768e+00 -1.5473e+01  7e+00  2e-15  2e-13
 9: -9.9637e+00 -1.2741e+01  3e+00  2e-14  2e-13
10: -1.0709e+01 -1.1353e+01  6e-01  1e-14  2e-13
11: -1.0913e+01 -1.1018e+01  1e-01  9e-15  2e-13
12: -1.0958e+01 -1.0961e+01  3e-03  8e-15  2e-13
13: -1.0960e+01 -1.0960e+01  5e-05  2e-14  2e-13
14: -1.0960e+01 -1.0960e+01  7e-07  2e-14  2e-13
Optimal solution found.
159 SVs!
Training time for 2.0-vs-4.0: 8.14778900146 seconds
Begin training classifier for label 2.0 and label 5.0 at 2016-05-22, 16:28:05
(1901, 784) (1901,)
(1901, 784) (1901,)
     pcost       dcost       gap    pres   dres
 0: -2.2119e+02 -3.7872e+03  2e+04  3e+00  2e-12
 1: -1.3528e+02 -2.1348e+03  4e+03  4e-01  1e-12
 2: -6.3366e+01 -6.3449e+02  1e+03  9e-02  1e-12
 3: -3.4558e+01 -3.2616e+02  5e+02  4e-02  6e-13
 4: -1.3513e+01 -1.1712e+02  2e+02  1e-02  3e-13
 5: -7.9171e+00 -5.3776e+01  7e+01  4e-03  2e-13
 6: -8.1389e+00 -2.0034e+01  2e+01  8e-04  2e-13
 7: -9.2415e+00 -1.2110e+01  3e+00  6e-05  2e-13
 8: -9.7162e+00 -1.0832e+01  1e+00  3e-15  2e-13
 9: -1.0103e+01 -1.0271e+01  2e-01  3e-16  2e-13
10: -1.0171e+01 -1.0176e+01  5e-03  8e-15  2e-13
11: -1.0173e+01 -1.0173e+01  7e-05  2e-14  2e-13
12: -1.0173e+01 -1.0173e+01  1e-06  9e-15  2e-13
Optimal solution found.
155 SVs!
Training time for 2.0-vs-5.0: 3.74538397789 seconds
Begin training classifier for label 2.0 and label 6.0 at 2016-05-22, 16:28:09
(1966, 784) (1966,)
(1966, 784) (1966,)
     pcost       dcost       gap    pres   dres
 0: -2.0375e+02 -3.8007e+03  2e+04  3e+00  2e-12
 1: -1.2559e+02 -2.1424e+03  4e+03  4e-01  2e-12
 2: -6.1404e+01 -6.8302e+02  1e+03  1e-01  1e-12
 3: -3.3529e+01 -3.1843e+02  5e+02  4e-02  8e-13
 4: -1.9700e+01 -1.5377e+02  2e+02  2e-02  5e-13
 5: -1.1691e+01 -7.2479e+01  9e+01  5e-03  4e-13
 6: -1.1618e+01 -2.7446e+01  2e+01  8e-04  3e-13
 7: -1.3374e+01 -1.9137e+01  6e+00  2e-04  3e-13
 8: -1.4542e+01 -1.5792e+01  1e+00  1e-05  3e-13
 9: -1.4734e+01 -1.5357e+01  6e-01  2e-14  3e-13
10: -1.4977e+01 -1.5040e+01  6e-02  9e-16  3e-13
11: -1.5003e+01 -1.5005e+01  1e-03  2e-14  3e-13
12: -1.5004e+01 -1.5004e+01  2e-05  3e-14  3e-13
13: -1.5004e+01 -1.5004e+01  3e-07  1e-14  3e-13
Optimal solution found.
178 SVs!
Training time for 2.0-vs-6.0: 4.21121311188 seconds
Begin training classifier for label 2.0 and label 7.0 at 2016-05-22, 16:28:13
(2022, 784) (2022,)
(2022, 784) (2022,)
     pcost       dcost       gap    pres   dres
 0: -1.9165e+02 -3.8372e+03  2e+04  3e+00  1e-12
 1: -1.1866e+02 -2.1587e+03  4e+03  4e-01  1e-12
 2: -6.2933e+01 -7.4670e+02  1e+03  1e-01  9e-13
 3: -4.0488e+01 -3.7986e+02  6e+02  5e-02  6e-13
 4: -2.0962e+01 -2.0250e+02  3e+02  2e-02  4e-13
 5: -1.3737e+01 -9.3273e+01  1e+02  7e-03  3e-13
 6: -1.0971e+01 -4.3081e+01  5e+01  2e-03  2e-13
 7: -1.1217e+01 -2.1758e+01  1e+01  5e-04  2e-13
 8: -1.2167e+01 -1.5446e+01  4e+00  1e-04  2e-13
 9: -1.2799e+01 -1.3492e+01  7e-01  7e-06  2e-13
10: -1.2998e+01 -1.3126e+01  1e-01  7e-15  2e-13
11: -1.3054e+01 -1.3057e+01  2e-03  2e-14  2e-13
12: -1.3056e+01 -1.3056e+01  3e-05  1e-14  3e-13
13: -1.3056e+01 -1.3056e+01  3e-07  1e-14  3e-13
Optimal solution found.
149 SVs!
Training time for 2.0-vs-7.0: 4.6554620266 seconds
Begin training classifier for label 2.0 and label 8.0 at 2016-05-22, 16:28:18
(2029, 784) (2029,)
(2029, 784) (2029,)
     pcost       dcost       gap    pres   dres
 0: -2.8852e+02 -4.5127e+03  3e+04  3e+00  4e-12
 1: -1.8551e+02 -2.7992e+03  6e+03  6e-01  3e-12
 2: -1.0826e+02 -1.0131e+03  2e+03  1e-01  2e-12
 3: -6.4714e+01 -3.9688e+02  6e+02  5e-02  1e-12
 4: -3.7949e+01 -1.8838e+02  3e+02  2e-02  9e-13
 5: -2.7591e+01 -8.0653e+01  8e+01  4e-03  8e-13
 6: -2.7717e+01 -4.3283e+01  2e+01  1e-03  7e-13
 7: -2.9127e+01 -3.3096e+01  5e+00  2e-04  7e-13
 8: -2.9797e+01 -3.0565e+01  9e-01  2e-05  7e-13
 9: -3.0015e+01 -3.0043e+01  3e-02  3e-07  7e-13
10: -3.0026e+01 -3.0026e+01  6e-04  7e-09  8e-13
11: -3.0026e+01 -3.0026e+01  8e-06  8e-11  7e-13
Optimal solution found.
206 SVs!
Training time for 2.0-vs-8.0: 4.22614717484 seconds
Begin training classifier for label 2.0 and label 9.0 at 2016-05-22, 16:28:22
(2055, 784) (2055,)
(2055, 784) (2055,)
     pcost       dcost       gap    pres   dres
 0: -1.7217e+02 -4.0584e+03  2e+04  3e+00  1e-12
 1: -1.0316e+02 -2.2401e+03  4e+03  4e-01  1e-12
 2: -4.6153e+01 -7.0454e+02  1e+03  9e-02  8e-13
 3: -2.4801e+01 -3.1821e+02  5e+02  4e-02  5e-13
 4: -1.1431e+01 -1.5939e+02  2e+02  2e-02  3e-13
 5: -4.8033e+00 -1.2304e+02  2e+02  8e-03  2e-13
 6: -3.0222e+00 -3.3345e+01  4e+01  2e-03  1e-13
 7: -4.0414e+00 -1.5559e+01  1e+01  5e-04  1e-13
 8: -4.8112e+00 -9.8343e+00  6e+00  1e-04  1e-13
 9: -5.4903e+00 -7.2371e+00  2e+00  1e-14  1e-13
10: -5.9260e+00 -6.5056e+00  6e-01  4e-15  1e-13
11: -6.0961e+00 -6.2182e+00  1e-01  2e-14  1e-13
12: -6.1495e+00 -6.1527e+00  3e-03  8e-15  1e-13
13: -6.1509e+00 -6.1510e+00  5e-05  6e-15  1e-13
14: -6.1509e+00 -6.1509e+00  8e-07  8e-15  1e-13
Optimal solution found.
125 SVs!
Training time for 2.0-vs-9.0: 5.49948596954 seconds
Begin training classifier for label 3.0 and label 4.0 at 2016-05-22, 16:28:28
(2053, 784) (2053,)
(2053, 784) (2053,)
     pcost       dcost       gap    pres   dres
 0: -1.4682e+02 -4.0329e+03  2e+04  3e+00  1e-12
 1: -8.6358e+01 -2.2683e+03  5e+03  4e-01  9e-13
 2: -3.2679e+01 -6.2578e+02  1e+03  9e-02  6e-13
 3: -1.2228e+01 -1.8391e+02  3e+02  2e-02  3e-13
 4: -5.4978e+00 -1.1731e+02  2e+02  1e-02  2e-13
 5: -2.3029e+00 -2.9162e+01  4e+01  2e-03  1e-13
 6: -2.5375e+00 -9.8696e+00  9e+00  4e-04  8e-14
 7: -3.0716e+00 -6.0529e+00  3e+00  1e-04  7e-14
 8: -3.3701e+00 -4.7615e+00  1e+00  1e-06  8e-14
 9: -3.7089e+00 -4.1327e+00  4e-01  3e-07  8e-14
10: -3.8403e+00 -3.9129e+00  7e-02  5e-15  9e-14
11: -3.8697e+00 -3.8762e+00  6e-03  5e-15  8e-14
12: -3.8726e+00 -3.8727e+00  9e-05  4e-15  8e-14
13: -3.8726e+00 -3.8726e+00  9e-07  3e-15  8e-14
Optimal solution found.
102 SVs!
Training time for 3.0-vs-4.0: 4.98118400574 seconds
Begin training classifier for label 3.0 and label 5.0 at 2016-05-22, 16:28:33
(1906, 784) (1906,)
(1906, 784) (1906,)
     pcost       dcost       gap    pres   dres
 0: -3.3535e+02 -4.0581e+03  2e+04  3e+00  3e-12
 1: -2.1234e+02 -2.4322e+03  5e+03  4e-01  3e-12
 2: -1.3469e+02 -1.0313e+03  2e+03  1e-01  2e-12
 3: -8.3702e+01 -3.9602e+02  5e+02  4e-02  1e-12
 4: -5.9658e+01 -1.8345e+02  2e+02  1e-02  1e-12
 5: -5.6634e+01 -8.6235e+01  4e+01  2e-03  1e-12
 6: -5.9621e+01 -6.6904e+01  9e+00  3e-04  1e-12
 7: -6.1184e+01 -6.2162e+01  1e+00  2e-05  1e-12
 8: -6.1511e+01 -6.1597e+01  9e-02  1e-06  1e-12
 9: -6.1542e+01 -6.1545e+01  3e-03  4e-08  1e-12
10: -6.1543e+01 -6.1543e+01  4e-05  5e-10  1e-12
Optimal solution found.
257 SVs!
Training time for 3.0-vs-5.0: 3.18668913841 seconds
Begin training classifier for label 3.0 and label 6.0 at 2016-05-22, 16:28:36
(1971, 784) (1971,)
(1971, 784) (1971,)
     pcost       dcost       gap    pres   dres
 0: -1.4480e+02 -3.6691e+03  2e+04  3e+00  1e-12
 1: -8.5399e+01 -1.9879e+03  4e+03  4e-01  1e-12
 2: -3.1902e+01 -6.3203e+02  1e+03  9e-02  7e-13
 3: -1.0917e+01 -1.9824e+02  3e+02  3e-02  3e-13
 4: -2.8245e+00 -4.3655e+01  6e+01  5e-03  1e-13
 5: -1.2973e+00 -8.0559e+00  9e+00  6e-04  6e-14
 6: -1.5509e+00 -3.7324e+00  3e+00  1e-04  4e-14
 7: -1.8447e+00 -2.6933e+00  1e+00  4e-05  4e-14
 8: -2.0323e+00 -2.2216e+00  2e-01  7e-07  5e-14
 9: -2.0972e+00 -2.1312e+00  3e-02  1e-07  5e-14
10: -2.1109e+00 -2.1127e+00  2e-03  5e-09  5e-14
11: -2.1117e+00 -2.1117e+00  3e-05  7e-11  5e-14
12: -2.1117e+00 -2.1117e+00  3e-07  8e-13  5e-14
Optimal solution found.
91 SVs!
Training time for 3.0-vs-6.0: 4.14949703217 seconds
Begin training classifier for label 3.0 and label 7.0 at 2016-05-22, 16:28:40
(2027, 784) (2027,)
(2027, 784) (2027,)
     pcost       dcost       gap    pres   dres
 0: -1.7057e+02 -3.7939e+03  2e+04  3e+00  1e-12
 1: -1.0261e+02 -2.0737e+03  4e+03  4e-01  1e-12
 2: -4.6607e+01 -6.3765e+02  1e+03  9e-02  8e-13
 3: -2.2850e+01 -2.8466e+02  5e+02  4e-02  4e-13
 4: -9.0589e+00 -1.1440e+02  2e+02  1e-02  2e-13
 5: -3.6629e+00 -6.6223e+01  9e+01  5e-03  2e-13
 6: -3.3181e+00 -2.1152e+01  2e+01  1e-03  1e-13
 7: -3.8428e+00 -9.5473e+00  6e+00  8e-05  1e-13
 8: -4.7118e+00 -7.0546e+00  2e+00  8e-15  1e-13
 9: -5.1245e+00 -6.2530e+00  1e+00  7e-15  9e-14
10: -5.2933e+00 -5.8621e+00  6e-01  2e-14  1e-13
11: -5.4747e+00 -5.6138e+00  1e-01  4e-15  1e-13
12: -5.5298e+00 -5.5397e+00  1e-02  8e-15  1e-13
13: -5.5342e+00 -5.5343e+00  2e-04  1e-14  1e-13
14: -5.5343e+00 -5.5343e+00  2e-06  2e-14  1e-13
Optimal solution found.
125 SVs!
Training time for 3.0-vs-7.0: 5.04479813576 seconds
Begin training classifier for label 3.0 and label 8.0 at 2016-05-22, 16:28:45
(2034, 784) (2034,)
(2034, 784) (2034,)
     pcost       dcost       gap    pres   dres
 0: -3.2542e+02 -4.2830e+03  2e+04  3e+00  6e-12
 1: -2.0273e+02 -2.5489e+03  5e+03  4e-01  4e-12
 2: -1.1937e+02 -9.7443e+02  2e+03  1e-01  2e-12
 3: -7.5212e+01 -3.9049e+02  5e+02  4e-02  2e-12
 4: -5.1741e+01 -1.4894e+02  1e+02  9e-03  1e-12
 5: -5.1799e+01 -8.3151e+01  4e+01  2e-03  1e-12
 6: -5.5071e+01 -6.1812e+01  7e+00  9e-05  1e-12
 7: -5.6782e+01 -5.8331e+01  2e+00  2e-16  1e-12
 8: -5.7385e+01 -5.7476e+01  9e-02  4e-14  1e-12
 9: -5.7423e+01 -5.7424e+01  2e-03  1e-13  1e-12
10: -5.7423e+01 -5.7423e+01  3e-05  7e-14  1e-12
Optimal solution found.
252 SVs!
Training time for 3.0-vs-8.0: 3.7438120842 seconds
Begin training classifier for label 3.0 and label 9.0 at 2016-05-22, 16:28:49
(2060, 784) (2060,)
(2060, 784) (2060,)
     pcost       dcost       gap    pres   dres
 0: -2.1590e+02 -3.8636e+03  2e+04  2e+00  3e-12
 1: -1.3635e+02 -2.1406e+03  4e+03  4e-01  2e-12
 2: -7.6162e+01 -8.0809e+02  1e+03  1e-01  1e-12
 3: -4.2745e+01 -3.2968e+02  5e+02  4e-02  8e-13
 4: -2.5550e+01 -1.4461e+02  2e+02  1e-02  6e-13
 5: -1.9013e+01 -5.1884e+01  5e+01  3e-03  5e-13
 6: -2.0308e+01 -3.2056e+01  1e+01  6e-04  4e-13
 7: -2.1703e+01 -2.5289e+01  4e+00  2e-05  5e-13
 8: -2.2668e+01 -2.3588e+01  9e-01  2e-06  5e-13
 9: -2.2990e+01 -2.3111e+01  1e-01  1e-07  5e-13
10: -2.3041e+01 -2.3044e+01  3e-03  2e-09  5e-13
11: -2.3042e+01 -2.3042e+01  3e-05  2e-11  5e-13
12: -2.3042e+01 -2.3042e+01  4e-07  2e-13  5e-13
Optimal solution found.
168 SVs!
Training time for 3.0-vs-9.0: 4.42068195343 seconds
Begin training classifier for label 4.0 and label 5.0 at 2016-05-22, 16:28:53
(1877, 784) (1877,)
(1877, 784) (1877,)
     pcost       dcost       gap    pres   dres
 0: -1.5474e+02 -3.8020e+03  2e+04  3e+00  1e-12
 1: -8.8608e+01 -2.1148e+03  4e+03  4e-01  8e-13
 2: -3.3459e+01 -6.0841e+02  1e+03  9e-02  5e-13
 3: -1.2986e+01 -2.0325e+02  3e+02  3e-02  3e-13
 4: -4.0509e+00 -6.5503e+01  9e+01  7e-03  1e-13
 5: -2.1006e+00 -1.1182e+01  1e+01  6e-04  8e-14
 6: -2.8826e+00 -7.3656e+00  5e+00  2e-04  6e-14
 7: -3.5358e+00 -5.1746e+00  2e+00  2e-15  6e-14
 8: -4.0104e+00 -4.3471e+00  3e-01  8e-15  6e-14
 9: -4.1229e+00 -4.1706e+00  5e-02  1e-15  7e-14
10: -4.1439e+00 -4.1452e+00  1e-03  1e-14  7e-14
11: -4.1445e+00 -4.1445e+00  2e-05  1e-14  7e-14
12: -4.1445e+00 -4.1445e+00  3e-07  3e-15  7e-14
Optimal solution found.
123 SVs!
Training time for 4.0-vs-5.0: 3.6589589119 seconds
Begin training classifier for label 4.0 and label 6.0 at 2016-05-22, 16:28:57
(1942, 784) (1942,)
(1942, 784) (1942,)
     pcost       dcost       gap    pres   dres
 0: -1.1848e+02 -3.6512e+03  2e+04  3e+00  7e-13
 1: -6.8410e+01 -1.9298e+03  4e+03  4e-01  7e-13
 2: -2.3503e+01 -4.8992e+02  8e+02  7e-02  5e-13
 3: -1.0482e+01 -2.2629e+02  4e+02  3e-02  2e-13
 4: -2.4622e+00 -4.9244e+01  7e+01  4e-03  1e-13
 5: -2.0412e+00 -1.0961e+01  1e+01  6e-04  7e-14
 6: -2.5993e+00 -6.3437e+00  4e+00  2e-04  6e-14
 7: -2.9098e+00 -4.5362e+00  2e+00  2e-06  7e-14
 8: -3.3096e+00 -3.7625e+00  5e-01  3e-07  7e-14
 9: -3.4334e+00 -3.5520e+00  1e-01  5e-08  7e-14
10: -3.4763e+00 -3.4897e+00  1e-02  4e-09  7e-14
11: -3.4819e+00 -3.4822e+00  2e-04  5e-11  7e-14
12: -3.4820e+00 -3.4820e+00  4e-06  7e-13  7e-14
13: -3.4820e+00 -3.4820e+00  7e-08  8e-15  7e-14
Optimal solution found.
107 SVs!
Training time for 4.0-vs-6.0: 4.13621997833 seconds
Begin training classifier for label 4.0 and label 7.0 at 2016-05-22, 16:29:01
(1998, 784) (1998,)
(1998, 784) (1998,)
     pcost       dcost       gap    pres   dres
 0: -2.0608e+02 -4.1864e+03  2e+04  3e+00  2e-12
 1: -1.2584e+02 -2.4493e+03  5e+03  4e-01  1e-12
 2: -6.0579e+01 -7.1071e+02  1e+03  9e-02  8e-13
 3: -2.9841e+01 -3.3831e+02  5e+02  4e-02  5e-13
 4: -1.1421e+01 -1.2717e+02  2e+02  1e-02  3e-13
 5: -8.1126e+00 -6.1566e+01  8e+01  4e-03  2e-13
 6: -5.3095e+00 -3.4225e+01  4e+01  1e-03  2e-13
 7: -7.1590e+00 -1.7763e+01  1e+01  4e-04  1e-13
 8: -8.2477e+00 -1.1698e+01  3e+00  3e-14  2e-13
 9: -9.2238e+00 -9.9165e+00  7e-01  2e-14  2e-13
10: -9.4857e+00 -9.5395e+00  5e-02  3e-15  2e-13
11: -9.5097e+00 -9.5105e+00  9e-04  2e-14  2e-13
12: -9.5101e+00 -9.5101e+00  1e-05  1e-14  2e-13
13: -9.5101e+00 -9.5101e+00  2e-07  3e-14  2e-13
Optimal solution found.
134 SVs!
Training time for 4.0-vs-7.0: 4.39216113091 seconds
Begin training classifier for label 4.0 and label 8.0 at 2016-05-22, 16:29:06
(2005, 784) (2005,)
(2005, 784) (2005,)
     pcost       dcost       gap    pres   dres
 0: -1.6045e+02 -3.9614e+03  2e+04  3e+00  2e-12
 1: -9.4806e+01 -2.1898e+03  4e+03  4e-01  1e-12
 2: -3.6221e+01 -7.0767e+02  1e+03  9e-02  7e-13
 3: -1.4733e+01 -2.7316e+02  4e+02  3e-02  4e-13
 4: -3.7286e+00 -7.9283e+01  1e+02  7e-03  2e-13
 5: -2.9505e+00 -1.9907e+01  2e+01  1e-03  1e-13
 6: -3.7837e+00 -1.0491e+01  8e+00  4e-04  9e-14
 7: -4.3468e+00 -7.0678e+00  3e+00  6e-06  1e-13
 8: -4.9325e+00 -5.8620e+00  9e-01  1e-06  1e-13
 9: -5.1993e+00 -5.3950e+00  2e-01  1e-07  1e-13
10: -5.2707e+00 -5.2858e+00  2e-02  5e-10  1e-13
11: -5.2775e+00 -5.2778e+00  3e-04  9e-12  1e-13
12: -5.2777e+00 -5.2777e+00  4e-06  1e-13  1e-13
Optimal solution found.
126 SVs!
Training time for 4.0-vs-8.0: 4.21475887299 seconds
Begin training classifier for label 4.0 and label 9.0 at 2016-05-22, 16:29:10
(2031, 784) (2031,)
(2031, 784) (2031,)
     pcost       dcost       gap    pres   dres
 0: -2.8155e+02 -4.2442e+03  2e+04  3e+00  3e-12
 1: -1.7737e+02 -2.5150e+03  5e+03  4e-01  2e-12
 2: -1.0432e+02 -8.7563e+02  1e+03  1e-01  1e-12
 3: -7.0731e+01 -4.4338e+02  6e+02  4e-02  1e-12
 4: -5.0234e+01 -1.7976e+02  2e+02  1e-02  9e-13
 5: -4.3918e+01 -8.7399e+01  5e+01  2e-03  8e-13
 6: -4.8069e+01 -6.0838e+01  1e+01  1e-04  9e-13
 7: -5.1041e+01 -5.4630e+01  4e+00  1e-05  8e-13
 8: -5.2024e+01 -5.2885e+01  9e-01  1e-13  9e-13
 9: -5.2380e+01 -5.2418e+01  4e-02  1e-14  9e-13
10: -5.2396e+01 -5.2397e+01  8e-04  4e-14  9e-13
11: -5.2396e+01 -5.2396e+01  1e-05  1e-13  9e-13
Optimal solution found.
227 SVs!
Training time for 4.0-vs-9.0: 4.11047101021 seconds
Begin training classifier for label 5.0 and label 6.0 at 2016-05-22, 16:29:14
(1795, 784) (1795,)
(1795, 784) (1795,)
     pcost       dcost       gap    pres   dres
 0: -2.0284e+02 -3.7631e+03  2e+04  3e+00  2e-12
 1: -1.2496e+02 -2.1753e+03  4e+03  4e-01  1e-12
 2: -6.3911e+01 -7.7081e+02  1e+03  1e-01  9e-13
 3: -3.3546e+01 -3.0677e+02  5e+02  4e-02  5e-13
 4: -1.4752e+01 -1.5152e+02  2e+02  1e-02  3e-13
 5: -7.4326e+00 -5.2627e+01  6e+01  3e-03  2e-13
 6: -8.3222e+00 -2.1963e+01  2e+01  8e-04  2e-13
 7: -8.5284e+00 -1.4547e+01  6e+00  3e-15  2e-13
 8: -9.8111e+00 -1.2039e+01  2e+00  2e-14  2e-13
 9: -1.0363e+01 -1.0956e+01  6e-01  3e-14  2e-13
10: -1.0604e+01 -1.0623e+01  2e-02  1e-14  2e-13
11: -1.0612e+01 -1.0613e+01  6e-04  3e-15  2e-13
12: -1.0613e+01 -1.0613e+01  1e-05  6e-15  2e-13
Optimal solution found.
149 SVs!
Training time for 5.0-vs-6.0: 3.24001693726 seconds
Begin training classifier for label 5.0 and label 7.0 at 2016-05-22, 16:29:17
(1851, 784) (1851,)
(1851, 784) (1851,)
     pcost       dcost       gap    pres   dres
 0: -1.4668e+02 -3.8354e+03  2e+04  3e+00  8e-13
 1: -8.5275e+01 -2.1765e+03  4e+03  4e-01  7e-13
 2: -3.1155e+01 -6.0065e+02  1e+03  8e-02  4e-13
 3: -1.0665e+01 -1.5075e+02  2e+02  2e-02  3e-13
 4: -3.9774e+00 -7.4102e+01  1e+02  7e-03  1e-13
 5: -2.6170e+00 -8.5538e+00  7e+00  2e-04  9e-14
 6: -3.6358e+00 -6.4767e+00  3e+00  6e-05  7e-14
 7: -4.2011e+00 -5.6497e+00  1e+00  2e-15  7e-14
 8: -4.5653e+00 -4.9905e+00  4e-01  4e-15  7e-14
 9: -4.7171e+00 -4.7606e+00  4e-02  7e-15  8e-14
10: -4.7362e+00 -4.7370e+00  9e-04  7e-15  8e-14
11: -4.7365e+00 -4.7366e+00  1e-05  2e-14  8e-14
12: -4.7366e+00 -4.7366e+00  2e-07  1e-14  8e-14
Optimal solution found.
121 SVs!
Training time for 5.0-vs-7.0: 3.45813012123 seconds
Begin training classifier for label 5.0 and label 8.0 at 2016-05-22, 16:29:21
(1858, 784) (1858,)
(1858, 784) (1858,)
     pcost       dcost       gap    pres   dres
 0: -2.9088e+02 -4.3310e+03  3e+04  3e+00  2e-12
 1: -1.8113e+02 -2.6924e+03  5e+03  5e-01  2e-12
 2: -9.9257e+01 -9.3533e+02  1e+03  1e-01  2e-12
 3: -6.4666e+01 -3.8279e+02  5e+02  4e-02  1e-12
 4: -4.8815e+01 -1.5894e+02  2e+02  1e-02  9e-13
 5: -4.8113e+01 -7.7171e+01  4e+01  2e-03  8e-13
 6: -5.1091e+01 -5.9816e+01  1e+01  2e-04  9e-13
 7: -5.3226e+01 -5.4547e+01  1e+00  3e-06  9e-13
 8: -5.3711e+01 -5.3827e+01  1e-01  2e-07  9e-13
 9: -5.3757e+01 -5.3761e+01  3e-03  5e-09  1e-12
10: -5.3759e+01 -5.3759e+01  5e-05  6e-11  1e-12
Optimal solution found.
248 SVs!
Training time for 5.0-vs-8.0: 3.55450105667 seconds
Begin training classifier for label 5.0 and label 9.0 at 2016-05-22, 16:29:24
(1884, 784) (1884,)
(1884, 784) (1884,)
     pcost       dcost       gap    pres   dres
 0: -1.9338e+02 -3.9665e+03  2e+04  3e+00  1e-12
 1: -1.1789e+02 -2.3113e+03  5e+03  4e-01  1e-12
 2: -5.6917e+01 -7.3136e+02  1e+03  1e-01  7e-13
 3: -2.8741e+01 -2.6669e+02  4e+02  3e-02  5e-13
 4: -1.3224e+01 -1.2524e+02  2e+02  1e-02  3e-13
 5: -7.8262e+00 -4.6474e+01  5e+01  2e-03  2e-13
 6: -9.8631e+00 -2.4199e+01  2e+01  6e-04  2e-13
 7: -1.1215e+01 -1.5829e+01  5e+00  9e-15  2e-13
 8: -1.2374e+01 -1.3695e+01  1e+00  2e-14  2e-13
 9: -1.2844e+01 -1.2908e+01  6e-02  3e-14  2e-13
10: -1.2872e+01 -1.2873e+01  2e-03  3e-14  2e-13
11: -1.2872e+01 -1.2872e+01  3e-05  4e-14  2e-13
12: -1.2872e+01 -1.2872e+01  7e-07  3e-14  2e-13
Optimal solution found.
146 SVs!
Training time for 5.0-vs-9.0: 4.0287630558 seconds
Begin training classifier for label 6.0 and label 7.0 at 2016-05-22, 16:29:28
(1916, 784) (1916,)
(1916, 784) (1916,)
     pcost       dcost       gap    pres   dres
 0: -7.8107e+01 -3.2008e+03  2e+04  2e+00  4e-13
 1: -4.2253e+01 -1.5704e+03  3e+03  3e-01  4e-13
 2: -1.0580e+01 -3.8554e+02  6e+02  6e-02  2e-13
 3: -1.9039e+00 -5.7249e+01  9e+01  8e-03  9e-14
 4: -4.0248e-01 -1.3197e+01  2e+01  1e-03  3e-14
 5: -5.0440e-01 -2.0654e+00  2e+00  9e-05  2e-14
 6: -7.2571e-01 -1.4115e+00  7e-01  2e-05  1e-14
 7: -8.5394e-01 -1.1774e+00  3e-01  2e-15  2e-14
 8: -9.2236e-01 -1.0483e+00  1e-01  4e-16  1e-14
 9: -9.5190e-01 -9.9522e-01  4e-02  1e-15  2e-14
10: -9.6868e-01 -9.7404e-01  5e-03  2e-16  2e-14
11: -9.7103e-01 -9.7118e-01  2e-04  2e-15  2e-14
12: -9.7110e-01 -9.7110e-01  2e-06  1e-15  2e-14
13: -9.7110e-01 -9.7110e-01  3e-08  3e-15  2e-14
Optimal solution found.
80 SVs!
Training time for 6.0-vs-7.0: 4.65524506569 seconds
Begin training classifier for label 6.0 and label 8.0 at 2016-05-22, 16:29:33
(1923, 784) (1923,)
(1923, 784) (1923,)
     pcost       dcost       gap    pres   dres
 0: -1.5852e+02 -3.6870e+03  2e+04  3e+00  1e-12
 1: -9.8239e+01 -2.0587e+03  4e+03  4e-01  1e-12
 2: -4.8309e+01 -7.0869e+02  1e+03  1e-01  7e-13
 3: -2.1817e+01 -2.4442e+02  4e+02  3e-02  5e-13
 4: -1.0723e+01 -1.3156e+02  2e+02  1e-02  3e-13
 5: -4.5319e+00 -3.3607e+01  4e+01  2e-03  2e-13
 6: -5.1433e+00 -1.5472e+01  1e+01  7e-04  1e-13
 7: -5.8742e+00 -9.4511e+00  4e+00  1e-04  1e-13
 8: -6.4784e+00 -7.4352e+00  1e+00  9e-06  1e-13
 9: -6.6699e+00 -7.0469e+00  4e-01  6e-15  1e-13
10: -6.8236e+00 -6.8503e+00  3e-02  4e-15  1e-13
11: -6.8347e+00 -6.8365e+00  2e-03  5e-16  1e-13
12: -6.8355e+00 -6.8355e+00  3e-05  2e-14  1e-13
13: -6.8355e+00 -6.8355e+00  5e-07  7e-15  1e-13
Optimal solution found.
124 SVs!
Training time for 6.0-vs-8.0: 4.7792699337 seconds
Begin training classifier for label 6.0 and label 9.0 at 2016-05-22, 16:29:38
(1949, 784) (1949,)
(1949, 784) (1949,)
     pcost       dcost       gap    pres   dres
 0: -7.9045e+01 -3.3767e+03  2e+04  2e+00  5e-13
 1: -4.2593e+01 -1.6762e+03  3e+03  3e-01  4e-13
 2: -9.8892e+00 -3.7648e+02  6e+02  5e-02  2e-13
 3: -1.3540e+00 -5.6054e+01  8e+01  7e-03  9e-14
 4: -2.5917e-01 -9.8123e+00  1e+01  9e-04  3e-14
 5: -5.2315e-01 -2.8083e+00  3e+00  2e-04  2e-14
 6: -7.5893e-01 -1.5898e+00  9e-01  4e-05  2e-14
 7: -9.0479e-01 -1.2128e+00  3e-01  5e-07  2e-14
 8: -9.8215e-01 -1.0806e+00  1e-01  9e-08  2e-14
 9: -1.0129e+00 -1.0332e+00  2e-02  6e-09  2e-14
10: -1.0212e+00 -1.0225e+00  1e-03  2e-11  2e-14
11: -1.0218e+00 -1.0218e+00  2e-05  3e-13  2e-14
12: -1.0218e+00 -1.0218e+00  2e-07  3e-15  2e-14
Optimal solution found.
75 SVs!
Training time for 6.0-vs-9.0: 4.70717787743 seconds
Begin training classifier for label 7.0 and label 8.0 at 2016-05-22, 16:29:43
(1979, 784) (1979,)
(1979, 784) (1979,)
     pcost       dcost       gap    pres   dres
 0: -1.5561e+02 -3.7371e+03  2e+04  3e+00  1e-12
 1: -9.4226e+01 -2.0383e+03  4e+03  4e-01  1e-12
 2: -4.2356e+01 -6.0299e+02  1e+03  9e-02  8e-13
 3: -2.1035e+01 -2.3953e+02  4e+02  3e-02  4e-13
 4: -1.1075e+01 -1.1779e+02  2e+02  1e-02  3e-13
 5: -3.7924e+00 -8.0964e+01  1e+02  6e-03  2e-13
 6: -3.2865e+00 -1.5097e+01  2e+01  7e-04  1e-13
 7: -4.3164e+00 -9.3790e+00  6e+00  1e-04  1e-13
 8: -4.7460e+00 -7.9153e+00  3e+00  5e-15  1e-13
 9: -5.4828e+00 -6.5013e+00  1e+00  9e-15  1e-13
10: -5.6558e+00 -6.1439e+00  5e-01  2e-14  1e-13
11: -5.8414e+00 -5.8936e+00  5e-02  8e-15  1e-13
12: -5.8629e+00 -5.8655e+00  3e-03  2e-15  1e-13
13: -5.8640e+00 -5.8641e+00  4e-05  5e-15  1e-13
14: -5.8641e+00 -5.8641e+00  5e-07  2e-15  1e-13
Optimal solution found.
113 SVs!
Training time for 7.0-vs-8.0: 5.46479606628 seconds
Begin training classifier for label 7.0 and label 9.0 at 2016-05-22, 16:29:48
(2005, 784) (2005,)
(2005, 784) (2005,)
     pcost       dcost       gap    pres   dres
 0: -3.3392e+02 -4.6923e+03  3e+04  3e+00  2e-12
 1: -2.0849e+02 -2.9158e+03  6e+03  5e-01  2e-12
 2: -1.2121e+02 -1.0983e+03  2e+03  1e-01  2e-12
 3: -8.1078e+01 -4.8646e+02  7e+02  4e-02  1e-12
 4: -5.4085e+01 -2.7599e+02  3e+02  1e-02  9e-13
 5: -5.6552e+01 -1.3253e+02  1e+02  4e-03  9e-13
 6: -6.3015e+01 -8.7123e+01  3e+01  9e-04  9e-13
 7: -6.6010e+01 -7.3151e+01  7e+00  5e-14  1e-12
 8: -6.8058e+01 -6.9892e+01  2e+00  4e-14  9e-13
 9: -6.8734e+01 -6.8870e+01  1e-01  3e-15  1e-12
10: -6.8789e+01 -6.8794e+01  4e-03  6e-14  1e-12
11: -6.8791e+01 -6.8791e+01  6e-05  1e-13  1e-12
Optimal solution found.
240 SVs!
Training time for 7.0-vs-9.0: 4.36148881912 seconds
Begin training classifier for label 8.0 and label 9.0 at 2016-05-22, 16:29:52
(2012, 784) (2012,)
(2012, 784) (2012,)
     pcost       dcost       gap    pres   dres
 0: -2.2186e+02 -4.2187e+03  2e+04  3e+00  2e-12
 1: -1.3643e+02 -2.4560e+03  5e+03  4e-01  2e-12
 2: -7.6018e+01 -9.2094e+02  2e+03  1e-01  1e-12
 3: -3.9461e+01 -3.5790e+02  5e+02  4e-02  9e-13
 4: -2.2495e+01 -1.4899e+02  2e+02  1e-02  6e-13
 5: -1.5647e+01 -4.9973e+01  5e+01  2e-03  5e-13
 6: -1.7738e+01 -2.8734e+01  1e+01  6e-04  4e-13
 7: -1.8724e+01 -2.2532e+01  4e+00  6e-15  5e-13
 8: -1.9839e+01 -2.0678e+01  8e-01  3e-14  5e-13
 9: -2.0150e+01 -2.0200e+01  5e-02  4e-14  5e-13
10: -2.0172e+01 -2.0172e+01  8e-04  4e-14  5e-13
11: -2.0172e+01 -2.0172e+01  1e-05  1e-14  5e-13
Optimal solution found.
176 SVs!
Training time for 8.0-vs-9.0: 4.53978896141 seconds
Total Training time:  225.309967995
Total Predicting time:  10.7172701359
predicted classes: [8 9 1 ..., 7 4 6]


Classification report for classifier <svm.MultiSVM instance at 0x7fc3f7a0a950>:
             precision    recall  f1-score   support

        0.0       0.93      0.97      0.95      5892
        1.0       0.94      0.98      0.96      6770
        2.0       0.89      0.90      0.89      5954
        3.0       0.88      0.88      0.88      6100
        4.0       0.91      0.94      0.92      5812
        5.0       0.88      0.85      0.86      5448
        6.0       0.95      0.95      0.95      5946
        7.0       0.93      0.93      0.93      6307
        8.0       0.91      0.84      0.88      5832
        9.0       0.91      0.88      0.90      5939

avg / total       0.91      0.91      0.91     60000


Confusion matrix:
[[5738    0   18   12   10   50   32   10   18    4]
 [   1 6642   34   16   11    5    2    8   46    5]
 [  49   88 5341  101  104   21   74   62   99   15]
 [  24   42  167 5372   11  275   13   38  119   39]
 [  32   19   57    7 5436    7   30   25   17  182]
 [ 120   38   50  285   59 4615   90   23  105   63]
 [  47   18   86    3   42   87 5642    0   21    0]
 [  25   56   91   30   82   11    2 5875   11  124]
 [  49  141  140  219   33  160   63   35 4927   65]
 [  53   29   28   77  216   34    6  230   43 5223]]


For training set!


Classification report for classifier <svm.MultiSVM instance at 0x7fc3f7a0a950>:
             precision    recall  f1-score   support

        0.0       1.00      1.00      1.00      1011
        1.0       1.00      1.00      1.00      1107
        2.0       1.00      1.00      1.00      1036
        3.0       1.00      0.99      0.99      1041
        4.0       1.00      1.00      1.00      1012
        5.0       1.00      1.00      1.00       865
        6.0       1.00      1.00      1.00       930
        7.0       1.00      0.99      0.99       986
        8.0       0.99      1.00      1.00       993
        9.0       0.99      0.99      0.99      1019

avg / total       1.00      1.00      1.00     10000


Confusion matrix:
[[1011    0    0    0    0    0    0    0    0    0]
 [   0 1107    0    0    0    0    0    0    0    0]
 [   0    0 1036    0    0    0    0    0    0    0]
 [   0    0    1 1035    0    2    0    0    3    0]
 [   0    0    0    0 1010    0    0    0    0    2]
 [   0    0    0    3    0  861    0    0    1    0]
 [   0    0    0    0    0    0  930    0    0    0]
 [   1    1    0    0    0    0    0  977    0    7]
 [   0    1    0    1    0    1    1    0  989    0]
 [   0    1    0    1    4    0    0    2    1 1010]]

Process finished with exit code 0
