/usr/bin/python2.7 /home/soloice/PycharmProjects/SVM_RC/src2/svm_test_full.py
<type 'numpy.ndarray'>
shape (full): (70000, 784) (70000,)
(10000, 784) Counter({1.0: 1132, 7.0: 1049, 2.0: 1032, 8.0: 1015, 0.0: 1011, 3.0: 1004, 4.0: 976, 9.0: 938, 6.0: 931, 5.0: 912})
(60000, 784) Counter({1.0: 6745, 7.0: 6244, 3.0: 6137, 9.0: 6020, 2.0: 5958, 6.0: 5945, 0.0: 5892, 4.0: 5848, 8.0: 5810, 5.0: 5401})
(10000, 784) (10000,)
[ 0.  1.  2.  3.  4.  5.  6.  7.  8.  9.]
Begin training classifier for label 0.0 and label 1.0 at 2016-05-22, 16:18:30
(2143, 784) (2143,)
gamma =  0.00127551020408
(2143, 784) (2143,)
     pcost       dcost       gap    pres   dres
 0: -9.3289e+01 -3.6796e+03  2e+04  2e+00  3e-14
 1: -3.8168e+01 -1.9236e+03  3e+03  3e-01  4e-14
 2: -1.3952e+01 -3.6120e+02  4e+02  2e-02  4e-14
 3: -4.2421e+01 -1.9108e+02  2e+02  8e-03  3e-14
 4: -4.7201e+01 -1.7427e+02  1e+02  6e-03  3e-14
 5: -5.5809e+01 -1.4272e+02  9e+01  4e-03  3e-14
 6: -5.9335e+01 -1.3190e+02  8e+01  3e-03  2e-14
 7: -6.3523e+01 -1.1809e+02  6e+01  2e-03  3e-14
 8: -6.6237e+01 -1.1011e+02  5e+01  1e-03  2e-14
 9: -6.8796e+01 -1.0344e+02  4e+01  8e-04  2e-14
10: -7.1244e+01 -9.6808e+01  3e+01  4e-04  3e-14
11: -7.4705e+01 -8.7994e+01  1e+01  8e-05  3e-14
12: -7.7393e+01 -8.3164e+01  6e+00  9e-06  3e-14
13: -7.8918e+01 -8.0964e+01  2e+00  2e-07  3e-14
14: -7.9585e+01 -8.0175e+01  6e-01  4e-08  3e-14
15: -7.9810e+01 -7.9912e+01  1e-01  3e-09  3e-14
16: -7.9851e+01 -7.9866e+01  2e-02  1e-13  3e-14
17: -7.9858e+01 -7.9859e+01  2e-04  2e-13  3e-14
18: -7.9859e+01 -7.9859e+01  2e-06  1e-13  3e-14
Optimal solution found.
136 SVs!
Training time for 0.0-vs-1.0: 8.19346117973 seconds
Begin training classifier for label 0.0 and label 2.0 at 2016-05-22, 16:18:38
(2043, 784) (2043,)
gamma =  0.00127551020408
(2043, 784) (2043,)
     pcost       dcost       gap    pres   dres
 0: -2.5577e+02 -4.4072e+03  2e+04  3e+00  6e-14
 1: -1.3722e+02 -2.5941e+03  4e+03  3e-01  8e-14
 2: -1.1353e+02 -4.7718e+02  4e+02  2e-02  7e-14
 3: -1.6706e+02 -3.2778e+02  2e+02  6e-03  6e-14
 4: -1.8333e+02 -2.9402e+02  1e+02  4e-03  6e-14
 5: -1.9599e+02 -2.6851e+02  8e+01  2e-03  6e-14
 6: -2.0568e+02 -2.5044e+02  5e+01  1e-03  6e-14
 7: -2.1072e+02 -2.4136e+02  3e+01  7e-04  6e-14
 8: -2.1663e+02 -2.3132e+02  1e+01  3e-04  6e-14
 9: -2.2054e+02 -2.2502e+02  5e+00  6e-05  7e-14
10: -2.2215e+02 -2.2269e+02  5e-01  3e-06  8e-14
11: -2.2238e+02 -2.2242e+02  3e-02  2e-07  8e-14
12: -2.2240e+02 -2.2240e+02  1e-03  4e-09  8e-14
13: -2.2240e+02 -2.2240e+02  1e-05  5e-11  8e-14
Optimal solution found.
357 SVs!
Training time for 0.0-vs-2.0: 5.5713300705 seconds
Begin training classifier for label 0.0 and label 3.0 at 2016-05-22, 16:18:44
(2015, 784) (2015,)
gamma =  0.00127551020408
(2015, 784) (2015,)
     pcost       dcost       gap    pres   dres
 0: -2.0957e+02 -3.8428e+03  2e+04  2e+00  6e-14
 1: -1.0760e+02 -2.1597e+03  3e+03  2e-01  7e-14
 2: -9.9067e+01 -4.2408e+02  4e+02  2e-02  6e-14
 3: -1.4059e+02 -2.9763e+02  2e+02  7e-03  6e-14
 4: -1.5609e+02 -2.6325e+02  1e+02  5e-03  6e-14
 5: -1.6778e+02 -2.3885e+02  7e+01  3e-03  5e-14
 6: -1.7459e+02 -2.2515e+02  5e+01  2e-03  5e-14
 7: -1.8250e+02 -2.1006e+02  3e+01  8e-04  5e-14
 8: -1.8719e+02 -2.0155e+02  1e+01  3e-04  6e-14
 9: -1.9081e+02 -1.9556e+02  5e+00  6e-05  6e-14
10: -1.9222e+02 -1.9343e+02  1e+00  1e-13  7e-14
11: -1.9276e+02 -1.9282e+02  6e-02  1e-13  7e-14
12: -1.9279e+02 -1.9279e+02  1e-03  3e-13  7e-14
13: -1.9279e+02 -1.9279e+02  2e-05  2e-14  7e-14
Optimal solution found.
315 SVs!
Training time for 0.0-vs-3.0: 5.81315994263 seconds
Begin training classifier for label 0.0 and label 4.0 at 2016-05-22, 16:18:50
(1987, 784) (1987,)
gamma =  0.00127551020408
(1987, 784) (1987,)
     pcost       dcost       gap    pres   dres
 0: -1.4620e+02 -3.8151e+03  2e+04  2e+00  4e-14
 1: -6.4311e+01 -2.1140e+03  3e+03  3e-01  5e-14
 2: -4.6849e+01 -4.0901e+02  4e+02  2e-02  5e-14
 3: -8.2638e+01 -2.4604e+02  2e+02  8e-03  4e-14
 4: -9.6445e+01 -2.0525e+02  1e+02  5e-03  4e-14
 5: -1.0771e+02 -1.7379e+02  7e+01  2e-03  4e-14
 6: -1.1422e+02 -1.5816e+02  5e+01  1e-03  4e-14
 7: -1.1893e+02 -1.4800e+02  3e+01  7e-04  4e-14
 8: -1.2467e+02 -1.3607e+02  1e+01  2e-04  4e-14
 9: -1.2712e+02 -1.3181e+02  5e+00  6e-05  4e-14
10: -1.2847e+02 -1.2954e+02  1e+00  3e-06  5e-14
11: -1.2892e+02 -1.2899e+02  7e-02  3e-14  5e-14
12: -1.2895e+02 -1.2895e+02  2e-03  1e-13  5e-14
13: -1.2895e+02 -1.2895e+02  2e-05  6e-14  5e-14
Optimal solution found.
235 SVs!
Training time for 0.0-vs-4.0: 5.6266169548 seconds
Begin training classifier for label 0.0 and label 5.0 at 2016-05-22, 16:18:55
(1923, 784) (1923,)
gamma =  0.00127551020408
(1923, 784) (1923,)
     pcost       dcost       gap    pres   dres
 0: -2.8396e+02 -3.8733e+03  2e+04  2e+00  7e-14
 1: -1.6398e+02 -2.3063e+03  3e+03  2e-01  9e-14
 2: -1.7138e+02 -5.1748e+02  4e+02  2e-02  8e-14
 3: -2.2165e+02 -3.8077e+02  2e+02  8e-03  7e-14
 4: -2.3907e+02 -3.4560e+02  1e+02  4e-03  7e-14
 5: -2.5159e+02 -3.2012e+02  7e+01  3e-03  7e-14
 6: -2.6340e+02 -2.9750e+02  3e+01  1e-03  7e-14
 7: -2.6922e+02 -2.8786e+02  2e+01  5e-04  8e-14
 8: -2.7375e+02 -2.8059e+02  7e+00  1e-04  8e-14
 9: -2.7592e+02 -2.7738e+02  1e+00  2e-05  8e-14
10: -2.7647e+02 -2.7662e+02  2e-01  2e-06  9e-14
11: -2.7653e+02 -2.7654e+02  8e-03  9e-08  9e-14
12: -2.7654e+02 -2.7654e+02  2e-04  2e-09  9e-14
Optimal solution found.
473 SVs!
Training time for 0.0-vs-5.0: 4.13780212402 seconds
Begin training classifier for label 0.0 and label 6.0 at 2016-05-22, 16:18:59
(1942, 784) (1942,)
gamma =  0.00127551020408
(1942, 784) (1942,)
     pcost       dcost       gap    pres   dres
 0: -2.2757e+02 -3.6268e+03  2e+04  2e+00  6e-14
 1: -1.2368e+02 -2.0341e+03  3e+03  2e-01  7e-14
 2: -1.0943e+02 -4.2178e+02  4e+02  2e-02  6e-14
 3: -1.5036e+02 -3.0141e+02  2e+02  8e-03  6e-14
 4: -1.6378e+02 -2.7285e+02  1e+02  5e-03  5e-14
 5: -1.7568e+02 -2.4747e+02  8e+01  3e-03  5e-14
 6: -1.8724e+02 -2.2403e+02  4e+01  9e-04  6e-14
 7: -1.9301e+02 -2.1386e+02  2e+01  4e-04  6e-14
 8: -1.9775e+02 -2.0598e+02  8e+00  1e-04  6e-14
 9: -2.0029e+02 -2.0196e+02  2e+00  5e-06  7e-14
10: -2.0093e+02 -2.0120e+02  3e-01  7e-07  7e-14
11: -2.0105e+02 -2.0106e+02  6e-03  1e-08  7e-14
12: -2.0105e+02 -2.0105e+02  9e-05  2e-10  7e-14
Optimal solution found.
347 SVs!
Training time for 0.0-vs-6.0: 4.2184150219 seconds
Begin training classifier for label 0.0 and label 7.0 at 2016-05-22, 16:19:04
(2060, 784) (2060,)
gamma =  0.00127551020408
(2060, 784) (2060,)
     pcost       dcost       gap    pres   dres
 0: -1.7400e+02 -3.7253e+03  2e+04  2e+00  4e-14
 1: -8.6273e+01 -2.0155e+03  3e+03  2e-01  6e-14
 2: -6.1805e+01 -3.7585e+02  4e+02  2e-02  5e-14
 3: -9.8528e+01 -2.4168e+02  2e+02  7e-03  5e-14
 4: -1.0940e+02 -2.1376e+02  1e+02  4e-03  4e-14
 5: -1.1851e+02 -1.9197e+02  8e+01  2e-03  4e-14
 6: -1.2659e+02 -1.7388e+02  5e+01  9e-04  4e-14
 7: -1.3044e+02 -1.6604e+02  4e+01  6e-04  4e-14
 8: -1.3479e+02 -1.5645e+02  2e+01  2e-04  4e-14
 9: -1.3932e+02 -1.4809e+02  9e+00  6e-05  5e-14
10: -1.4118e+02 -1.4498e+02  4e+00  1e-05  5e-14
11: -1.4250e+02 -1.4311e+02  6e-01  3e-14  5e-14
12: -1.4276e+02 -1.4282e+02  7e-02  1e-13  5e-14
13: -1.4279e+02 -1.4279e+02  3e-03  2e-13  5e-14
14: -1.4279e+02 -1.4279e+02  4e-05  2e-13  5e-14
Optimal solution found.
251 SVs!
Training time for 0.0-vs-7.0: 5.7001760006 seconds
Begin training classifier for label 0.0 and label 8.0 at 2016-05-22, 16:19:09
(2026, 784) (2026,)
gamma =  0.00127551020408
(2026, 784) (2026,)
     pcost       dcost       gap    pres   dres
 0: -2.0239e+02 -4.9283e+03  3e+04  3e+00  5e-14
 1: -9.4980e+01 -2.9943e+03  4e+03  2e-01  7e-14
 2: -8.4937e+01 -5.2237e+02  5e+02  2e-02  7e-14
 3: -1.3693e+02 -3.3021e+02  2e+02  6e-03  6e-14
 4: -1.5495e+02 -2.8767e+02  1e+02  4e-03  5e-14
 5: -1.7113e+02 -2.4966e+02  8e+01  2e-03  5e-14
 6: -1.7795e+02 -2.3511e+02  6e+01  1e-03  5e-14
 7: -1.8529e+02 -2.1926e+02  3e+01  5e-04  5e-14
 8: -1.9257e+02 -2.0589e+02  1e+01  2e-04  6e-14
 9: -1.9588e+02 -2.0044e+02  5e+00  3e-05  6e-14
10: -1.9761e+02 -1.9803e+02  4e-01  6e-07  7e-14
11: -1.9779e+02 -1.9782e+02  3e-02  4e-08  7e-14
12: -1.9780e+02 -1.9780e+02  7e-04  9e-10  7e-14
13: -1.9780e+02 -1.9780e+02  2e-05  2e-11  7e-14
Optimal solution found.
313 SVs!
Training time for 0.0-vs-8.0: 5.28920888901 seconds
Begin training classifier for label 0.0 and label 9.0 at 2016-05-22, 16:19:15
(1949, 784) (1949,)
gamma =  0.00127551020408
(1949, 784) (1949,)
     pcost       dcost       gap    pres   dres
 0: -1.6749e+02 -3.5032e+03  2e+04  2e+00  5e-14
 1: -8.4366e+01 -1.8944e+03  3e+03  2e-01  6e-14
 2: -7.5802e+01 -3.7381e+02  3e+02  2e-02  5e-14
 3: -1.0708e+02 -2.5629e+02  2e+02  8e-03  4e-14
 4: -1.2265e+02 -2.1046e+02  9e+01  4e-03  4e-14
 5: -1.3002e+02 -1.9322e+02  7e+01  2e-03  4e-14
 6: -1.3611e+02 -1.8011e+02  5e+01  1e-03  4e-14
 7: -1.4187e+02 -1.6772e+02  3e+01  6e-04  4e-14
 8: -1.4618e+02 -1.5963e+02  1e+01  3e-04  4e-14
 9: -1.4938e+02 -1.5383e+02  4e+00  5e-05  5e-14
10: -1.5041e+02 -1.5226e+02  2e+00  2e-05  4e-14
11: -1.5104e+02 -1.5131e+02  3e-01  9e-14  5e-14
12: -1.5116e+02 -1.5118e+02  2e-02  5e-14  5e-14
13: -1.5117e+02 -1.5117e+02  3e-04  7e-14  5e-14
14: -1.5117e+02 -1.5117e+02  5e-06  2e-13  5e-14
Optimal solution found.
252 SVs!
Training time for 0.0-vs-9.0: 4.93752503395 seconds
Begin training classifier for label 1.0 and label 2.0 at 2016-05-22, 16:19:20
(2164, 784) (2164,)
gamma =  0.00127551020408
(2164, 784) (2164,)
     pcost       dcost       gap    pres   dres
 0: -2.9204e+02 -4.6992e+03  2e+04  3e+00  9e-14
 1: -1.6089e+02 -2.9054e+03  5e+03  3e-01  1e-13
 2: -1.1882e+02 -5.9055e+02  5e+02  2e-02  9e-14
 3: -1.7191e+02 -3.8405e+02  2e+02  6e-03  8e-14
 4: -1.8628e+02 -3.4640e+02  2e+02  4e-03  8e-14
 5: -2.0254e+02 -3.0126e+02  1e+02  2e-03  7e-14
 6: -2.1049e+02 -2.8368e+02  8e+01  2e-03  7e-14
 7: -2.1718e+02 -2.6878e+02  5e+01  9e-04  7e-14
 8: -2.2108e+02 -2.6039e+02  4e+01  6e-04  7e-14
 9: -2.2543e+02 -2.5168e+02  3e+01  4e-04  7e-14
10: -2.2916e+02 -2.4451e+02  2e+01  2e-04  8e-14
11: -2.3150e+02 -2.4023e+02  9e+00  7e-05  8e-14
12: -2.3371e+02 -2.3678e+02  3e+00  2e-05  8e-14
13: -2.3462e+02 -2.3541e+02  8e-01  2e-06  9e-14
14: -2.3493e+02 -2.3502e+02  1e-01  1e-07  1e-13
15: -2.3497e+02 -2.3498e+02  1e-02  2e-08  9e-14
16: -2.3497e+02 -2.3497e+02  4e-04  2e-10  1e-13
17: -2.3497e+02 -2.3497e+02  5e-06  2e-12  1e-13
Optimal solution found.
369 SVs!
Training time for 1.0-vs-2.0: 7.63524794579 seconds
Begin training classifier for label 1.0 and label 3.0 at 2016-05-22, 16:19:27
(2136, 784) (2136,)
gamma =  0.00127551020408
(2136, 784) (2136,)
     pcost       dcost       gap    pres   dres
 0: -2.2486e+02 -4.5350e+03  2e+04  3e+00  7e-14
 1: -1.1760e+02 -2.7052e+03  4e+03  3e-01  8e-14
 2: -9.9400e+01 -5.4455e+02  5e+02  2e-02  8e-14
 3: -1.4373e+02 -3.7970e+02  3e+02  9e-03  7e-14
 4: -1.6309e+02 -3.1954e+02  2e+02  5e-03  6e-14
 5: -1.7751e+02 -2.8153e+02  1e+02  3e-03  6e-14
 6: -1.8360e+02 -2.6601e+02  9e+01  2e-03  6e-14
 7: -1.9249e+02 -2.4400e+02  5e+01  1e-03  6e-14
 8: -1.9656e+02 -2.3536e+02  4e+01  8e-04  6e-14
 9: -2.0098e+02 -2.2588e+02  3e+01  4e-04  7e-14
10: -2.0478e+02 -2.1849e+02  1e+01  2e-04  7e-14
11: -2.0680e+02 -2.1469e+02  8e+00  7e-05  7e-14
12: -2.0875e+02 -2.1157e+02  3e+00  1e-05  8e-14
13: -2.0958e+02 -2.1042e+02  8e-01  2e-06  8e-14
14: -2.0992e+02 -2.1000e+02  8e-02  2e-07  8e-14
15: -2.0996e+02 -2.0996e+02  1e-03  3e-09  8e-14
16: -2.0996e+02 -2.0996e+02  8e-05  2e-10  8e-14
Optimal solution found.
343 SVs!
Training time for 1.0-vs-3.0: 7.09325003624 seconds
Begin training classifier for label 1.0 and label 4.0 at 2016-05-22, 16:19:35
(2108, 784) (2108,)
gamma =  0.00127551020408
(2108, 784) (2108,)
     pcost       dcost       gap    pres   dres
 0: -1.4088e+02 -3.7717e+03  2e+04  2e+00  5e-14
 1: -6.1970e+01 -2.0263e+03  3e+03  2e-01  7e-14
 2: -6.0514e+01 -3.9952e+02  4e+02  2e-02  6e-14
 3: -8.9185e+01 -2.8394e+02  2e+02  1e-02  5e-14
 4: -1.0933e+02 -2.1163e+02  1e+02  4e-03  5e-14
 5: -1.1497e+02 -1.9831e+02  9e+01  3e-03  4e-14
 6: -1.2144e+02 -1.8155e+02  6e+01  2e-03  4e-14
 7: -1.2697e+02 -1.6771e+02  4e+01  1e-03  4e-14
 8: -1.3147e+02 -1.5832e+02  3e+01  6e-04  5e-14
 9: -1.3507e+02 -1.5110e+02  2e+01  3e-04  5e-14
10: -1.3807e+02 -1.4538e+02  7e+00  1e-04  5e-14
11: -1.3951e+02 -1.4287e+02  3e+00  4e-05  5e-14
12: -1.4020e+02 -1.4169e+02  1e+00  9e-06  5e-14
13: -1.4077e+02 -1.4094e+02  2e-01  1e-07  6e-14
14: -1.4085e+02 -1.4085e+02  5e-03  3e-09  6e-14
15: -1.4085e+02 -1.4085e+02  8e-05  5e-11  6e-14
Optimal solution found.
252 SVs!
Training time for 1.0-vs-4.0: 6.19949698448 seconds
Begin training classifier for label 1.0 and label 5.0 at 2016-05-22, 16:19:41
(2044, 784) (2044,)
gamma =  0.00127551020408
(2044, 784) (2044,)
     pcost       dcost       gap    pres   dres
 0: -1.8462e+02 -4.0621e+03  2e+04  2e+00  6e-14
 1: -8.6180e+01 -2.3431e+03  3e+03  2e-01  8e-14
 2: -1.0051e+02 -4.7739e+02  4e+02  2e-02  7e-14
 3: -1.4091e+02 -3.3404e+02  2e+02  9e-03  6e-14
 4: -1.5463e+02 -2.9873e+02  2e+02  6e-03  6e-14
 5: -1.7028e+02 -2.5784e+02  9e+01  3e-03  6e-14
 6: -1.7626e+02 -2.4450e+02  7e+01  2e-03  6e-14
 7: -1.8200e+02 -2.3186e+02  5e+01  1e-03  6e-14
 8: -1.8677e+02 -2.2169e+02  4e+01  9e-04  6e-14
 9: -1.9130e+02 -2.1257e+02  2e+01  5e-04  6e-14
10: -1.9393e+02 -2.0759e+02  1e+01  3e-04  6e-14
11: -1.9597e+02 -2.0370e+02  8e+00  1e-04  6e-14
12: -1.9815e+02 -2.0021e+02  2e+00  1e-05  7e-14
13: -1.9894e+02 -1.9914e+02  2e-01  2e-07  7e-14
14: -1.9903e+02 -1.9904e+02  1e-02  4e-09  7e-14
15: -1.9903e+02 -1.9903e+02  2e-04  8e-11  7e-14
16: -1.9903e+02 -1.9903e+02  3e-06  1e-12  7e-14
Optimal solution found.
328 SVs!
Training time for 1.0-vs-5.0: 6.50161290169 seconds
Begin training classifier for label 1.0 and label 6.0 at 2016-05-22, 16:19:47
(2063, 784) (2063,)
gamma =  0.00127551020408
(2063, 784) (2063,)
     pcost       dcost       gap    pres   dres
 0: -1.4814e+02 -3.6389e+03  2e+04  2e+00  6e-14
 1: -6.6348e+01 -1.9791e+03  3e+03  2e-01  6e-14
 2: -5.9127e+01 -3.9980e+02  4e+02  2e-02  6e-14
 3: -8.6961e+01 -2.9092e+02  2e+02  1e-02  5e-14
 4: -1.0440e+02 -2.3098e+02  1e+02  6e-03  5e-14
 5: -1.1360e+02 -2.0294e+02  9e+01  4e-03  4e-14
 6: -1.1903e+02 -1.8871e+02  7e+01  2e-03  4e-14
 7: -1.2329e+02 -1.7769e+02  6e+01  2e-03  4e-14
 8: -1.2956e+02 -1.6189e+02  3e+01  8e-04  5e-14
 9: -1.3382e+02 -1.5327e+02  2e+01  4e-04  5e-14
10: -1.3704e+02 -1.4695e+02  1e+01  1e-04  5e-14
11: -1.3873e+02 -1.4399e+02  5e+00  6e-05  5e-14
12: -1.4002e+02 -1.4195e+02  2e+00  2e-05  5e-14
13: -1.4074e+02 -1.4089e+02  1e-01  3e-13  6e-14
14: -1.4081e+02 -1.4081e+02  6e-03  1e-13  5e-14
15: -1.4081e+02 -1.4081e+02  1e-04  1e-13  6e-14
Optimal solution found.
262 SVs!
Training time for 1.0-vs-6.0: 6.56579184532 seconds
Begin training classifier for label 1.0 and label 7.0 at 2016-05-22, 16:19:54
(2181, 784) (2181,)
gamma =  0.00127551020408
(2181, 784) (2181,)
     pcost       dcost       gap    pres   dres
 0: -2.0385e+02 -4.8275e+03  3e+04  3e+00  1e-13
 1: -1.0224e+02 -2.8623e+03  4e+03  3e-01  8e-14
 2: -7.9825e+01 -5.5530e+02  5e+02  2e-02  7e-14
 3: -1.2932e+02 -3.2321e+02  2e+02  7e-03  6e-14
 4: -1.4261e+02 -2.8951e+02  2e+02  4e-03  6e-14
 5: -1.5756e+02 -2.5063e+02  1e+02  2e-03  6e-14
 6: -1.6559e+02 -2.3197e+02  7e+01  1e-03  6e-14
 7: -1.7492e+02 -2.1169e+02  4e+01  6e-04  6e-14
 8: -1.7941e+02 -2.0263e+02  2e+01  3e-04  6e-14
 9: -1.8193e+02 -1.9774e+02  2e+01  2e-04  6e-14
10: -1.8420e+02 -1.9318e+02  9e+00  7e-05  6e-14
11: -1.8642e+02 -1.8964e+02  3e+00  2e-05  6e-14
12: -1.8747e+02 -1.8815e+02  7e-01  8e-07  7e-14
13: -1.8776e+02 -1.8781e+02  4e-02  1e-08  7e-14
14: -1.8778e+02 -1.8778e+02  1e-03  4e-10  7e-14
15: -1.8778e+02 -1.8778e+02  2e-05  6e-12  7e-14
Optimal solution found.
313 SVs!
Training time for 1.0-vs-7.0: 7.03700709343 seconds
Begin training classifier for label 1.0 and label 8.0 at 2016-05-22, 16:20:01
(2147, 784) (2147,)
gamma =  0.00127551020408
(2147, 784) (2147,)
     pcost       dcost       gap    pres   dres
 0: -3.7028e+02 -4.3913e+03  2e+04  2e+00  9e-14
 1: -2.2740e+02 -2.6859e+03  4e+03  3e-01  1e-13
 2: -1.9560e+02 -6.2423e+02  5e+02  2e-02  1e-13
 3: -2.4922e+02 -4.6822e+02  2e+02  8e-03  9e-14
 4: -2.6277e+02 -4.3832e+02  2e+02  6e-03  9e-14
 5: -2.8187e+02 -3.9386e+02  1e+02  3e-03  9e-14
 6: -2.9343e+02 -3.6886e+02  8e+01  2e-03  9e-14
 7: -3.0038e+02 -3.5443e+02  6e+01  1e-03  9e-14
 8: -3.0720e+02 -3.4109e+02  3e+01  6e-04  9e-14
 9: -3.1128e+02 -3.3377e+02  2e+01  4e-04  9e-14
10: -3.1622e+02 -3.2525e+02  9e+00  1e-04  1e-13
11: -3.1822e+02 -3.2205e+02  4e+00  4e-05  1e-13
12: -3.1928e+02 -3.2049e+02  1e+00  1e-05  1e-13
13: -3.1973e+02 -3.1987e+02  1e-01  5e-13  1e-13
14: -3.1979e+02 -3.1980e+02  4e-03  7e-13  1e-13
15: -3.1979e+02 -3.1979e+02  8e-05  5e-13  1e-13
Optimal solution found.
474 SVs!
Training time for 1.0-vs-8.0: 6.68983221054 seconds
Begin training classifier for label 1.0 and label 9.0 at 2016-05-22, 16:20:08
(2070, 784) (2070,)
gamma =  0.00127551020408
(2070, 784) (2070,)
     pcost       dcost       gap    pres   dres
 0: -1.4707e+02 -3.5362e+03  2e+04  2e+00  5e-14
 1: -6.8111e+01 -1.8687e+03  3e+03  2e-01  6e-14
 2: -7.8286e+01 -4.0837e+02  4e+02  2e-02  6e-14
 3: -1.0534e+02 -2.8983e+02  2e+02  1e-02  5e-14
 4: -1.1855e+02 -2.4311e+02  1e+02  6e-03  5e-14
 5: -1.2933e+02 -2.1144e+02  9e+01  4e-03  5e-14
 6: -1.3666e+02 -1.9246e+02  6e+01  2e-03  5e-14
 7: -1.4210e+02 -1.7965e+02  4e+01  1e-03  5e-14
 8: -1.4638e+02 -1.7003e+02  2e+01  7e-04  5e-14
 9: -1.4938e+02 -1.6347e+02  1e+01  4e-04  5e-14
10: -1.5188e+02 -1.5868e+02  7e+00  1e-04  5e-14
11: -1.5330e+02 -1.5620e+02  3e+00  4e-05  5e-14
12: -1.5415e+02 -1.5488e+02  7e-01  4e-06  6e-14
13: -1.5443e+02 -1.5455e+02  1e-01  6e-07  6e-14
14: -1.5448e+02 -1.5448e+02  4e-03  1e-08  6e-14
15: -1.5448e+02 -1.5448e+02  1e-04  4e-10  6e-14
Optimal solution found.
290 SVs!
Training time for 1.0-vs-9.0: 6.00199317932 seconds
Begin training classifier for label 2.0 and label 3.0 at 2016-05-22, 16:20:14
(2036, 784) (2036,)
gamma =  0.00127551020408
(2036, 784) (2036,)
     pcost       dcost       gap    pres   dres
 0: -3.9050e+02 -4.1433e+03  2e+04  2e+00  1e-13
 1: -2.3432e+02 -2.4270e+03  3e+03  2e-01  1e-13
 2: -2.5401e+02 -5.9999e+02  4e+02  2e-02  1e-13
 3: -3.1512e+02 -4.6343e+02  2e+02  7e-03  1e-13
 4: -3.4045e+02 -4.1810e+02  8e+01  3e-03  1e-13
 5: -3.5444e+02 -3.9513e+02  4e+01  1e-03  1e-13
 6: -3.6214e+02 -3.8305e+02  2e+01  6e-04  1e-13
 7: -3.6797e+02 -3.7422e+02  6e+00  1e-04  1e-13
 8: -3.7006e+02 -3.7138e+02  1e+00  2e-05  1e-13
 9: -3.7061e+02 -3.7070e+02  9e-02  9e-07  1e-13
10: -3.7065e+02 -3.7065e+02  2e-03  2e-08  1e-13
11: -3.7065e+02 -3.7065e+02  2e-05  2e-10  1e-13
Optimal solution found.
532 SVs!
Training time for 2.0-vs-3.0: 4.77619695663 seconds
Begin training classifier for label 2.0 and label 4.0 at 2016-05-22, 16:20:18
(2008, 784) (2008,)
gamma =  0.00127551020408
(2008, 784) (2008,)
     pcost       dcost       gap    pres   dres
 0: -2.8123e+02 -4.2083e+03  2e+04  3e+00  7e-14
 1: -1.5106e+02 -2.5010e+03  4e+03  2e-01  9e-14
 2: -1.4234e+02 -4.9735e+02  4e+02  2e-02  9e-14
 3: -2.0304e+02 -3.4475e+02  1e+02  6e-03  8e-14
 4: -2.2411e+02 -3.0844e+02  9e+01  3e-03  7e-14
 5: -2.3661e+02 -2.8782e+02  5e+01  2e-03  7e-14
 6: -2.4410e+02 -2.7598e+02  3e+01  8e-04  7e-14
 7: -2.5004e+02 -2.6678e+02  2e+01  4e-04  7e-14
 8: -2.5404e+02 -2.6082e+02  7e+00  1e-04  8e-14
 9: -2.5640e+02 -2.5750e+02  1e+00  4e-13  9e-14
10: -2.5690e+02 -2.5693e+02  3e-02  3e-14  9e-14
11: -2.5692e+02 -2.5692e+02  9e-04  2e-14  9e-14
12: -2.5692e+02 -2.5692e+02  2e-05  2e-13  9e-14
Optimal solution found.
403 SVs!
Training time for 2.0-vs-4.0: 4.65880417824 seconds
Begin training classifier for label 2.0 and label 5.0 at 2016-05-22, 16:20:23
(1944, 784) (1944,)
gamma =  0.00127551020408
(1944, 784) (1944,)
     pcost       dcost       gap    pres   dres
 0: -3.2771e+02 -3.8563e+03  2e+04  2e+00  9e-14
 1: -1.9287e+02 -2.2754e+03  3e+03  2e-01  1e-13
 2: -1.9515e+02 -5.2416e+02  4e+02  2e-02  9e-14
 3: -2.5387e+02 -3.9365e+02  1e+02  7e-03  8e-14
 4: -2.7304e+02 -3.6344e+02  9e+01  4e-03  8e-14
 5: -2.9098e+02 -3.3382e+02  4e+01  2e-03  8e-14
 6: -3.0020e+02 -3.1999e+02  2e+01  6e-04  9e-14
 7: -3.0542e+02 -3.1239e+02  7e+00  1e-04  9e-14
 8: -3.0775e+02 -3.0926e+02  2e+00  2e-05  9e-14
 9: -3.0834e+02 -3.0850e+02  2e-01  4e-13  1e-13
10: -3.0842e+02 -3.0843e+02  9e-03  4e-14  1e-13
11: -3.0842e+02 -3.0842e+02  2e-04  3e-13  1e-13
Optimal solution found.
485 SVs!
Training time for 2.0-vs-5.0: 4.41360187531 seconds
Begin training classifier for label 2.0 and label 6.0 at 2016-05-22, 16:20:28
(1963, 784) (1963,)
gamma =  0.00127551020408
(1963, 784) (1963,)
     pcost       dcost       gap    pres   dres
 0: -3.0969e+02 -4.1715e+03  2e+04  3e+00  1e-13
 1: -1.7397e+02 -2.5023e+03  3e+03  2e-01  1e-13
 2: -1.9834e+02 -5.5691e+02  4e+02  2e-02  1e-13
 3: -2.6043e+02 -4.0702e+02  2e+02  6e-03  9e-14
 4: -2.7972e+02 -3.7426e+02  1e+02  3e-03  9e-14
 5: -2.9398e+02 -3.4953e+02  6e+01  2e-03  9e-14
 6: -3.0275e+02 -3.3510e+02  3e+01  9e-04  9e-14
 7: -3.1039e+02 -3.2288e+02  1e+01  3e-04  9e-14
 8: -3.1378e+02 -3.1779e+02  4e+00  6e-05  1e-13
 9: -3.1516e+02 -3.1588e+02  7e-01  4e-06  1e-13
10: -3.1547e+02 -3.1551e+02  4e-02  9e-08  1e-13
11: -3.1549e+02 -3.1549e+02  1e-03  3e-09  1e-13
12: -3.1549e+02 -3.1549e+02  2e-05  5e-11  1e-13
Optimal solution found.
491 SVs!
Training time for 2.0-vs-6.0: 4.59698390961 seconds
Begin training classifier for label 2.0 and label 7.0 at 2016-05-22, 16:20:32
(2081, 784) (2081,)
gamma =  0.00127551020408
(2081, 784) (2081,)
     pcost       dcost       gap    pres   dres
 0: -3.1388e+02 -4.1089e+03  2e+04  2e+00  9e-14
 1: -1.8847e+02 -2.3852e+03  3e+03  3e-01  9e-14
 2: -1.6592e+02 -5.1399e+02  4e+02  2e-02  8e-14
 3: -2.1337e+02 -3.9720e+02  2e+02  8e-03  8e-14
 4: -2.3597e+02 -3.4928e+02  1e+02  4e-03  7e-14
 5: -2.5083e+02 -3.1986e+02  7e+01  2e-03  7e-14
 6: -2.5994e+02 -3.0309e+02  4e+01  1e-03  8e-14
 7: -2.6728e+02 -2.9028e+02  2e+01  6e-04  8e-14
 8: -2.7154e+02 -2.8332e+02  1e+01  3e-04  8e-14
 9: -2.7483e+02 -2.7814e+02  3e+00  5e-05  9e-14
10: -2.7605e+02 -2.7643e+02  4e-01  1e-06  1e-13
11: -2.7622e+02 -2.7625e+02  3e-02  8e-08  9e-14
12: -2.7623e+02 -2.7623e+02  6e-04  1e-09  9e-14
13: -2.7623e+02 -2.7623e+02  1e-05  2e-11  9e-14
Optimal solution found.
411 SVs!
Training time for 2.0-vs-7.0: 5.53514313698 seconds
Begin training classifier for label 2.0 and label 8.0 at 2016-05-22, 16:20:38
(2047, 784) (2047,)
gamma =  0.00127551020408
(2047, 784) (2047,)
     pcost       dcost       gap    pres   dres
 0: -4.1104e+02 -4.5707e+03  2e+04  3e+00  1e-13
 1: -2.4446e+02 -2.8423e+03  4e+03  2e-01  1e-13
 2: -2.6427e+02 -6.4708e+02  4e+02  2e-02  1e-13
 3: -3.3468e+02 -5.0104e+02  2e+02  6e-03  1e-13
 4: -3.6661e+02 -4.5073e+02  9e+01  3e-03  1e-13
 5: -3.8499e+02 -4.2219e+02  4e+01  1e-03  1e-13
 6: -3.9347e+02 -4.1022e+02  2e+01  3e-04  1e-13
 7: -3.9821e+02 -4.0369e+02  6e+00  8e-05  1e-13
 8: -4.0033e+02 -4.0091e+02  6e-01  7e-06  1e-13
 9: -4.0057e+02 -4.0060e+02  3e-02  3e-07  1e-13
10: -4.0058e+02 -4.0058e+02  1e-03  7e-09  1e-13
11: -4.0058e+02 -4.0058e+02  2e-05  1e-10  1e-13
Optimal solution found.
595 SVs!
Training time for 2.0-vs-8.0: 5.69844794273 seconds
Begin training classifier for label 2.0 and label 9.0 at 2016-05-22, 16:20:44
(1970, 784) (1970,)
gamma =  0.00127551020408
(1970, 784) (1970,)
     pcost       dcost       gap    pres   dres
 0: -2.7815e+02 -3.9120e+03  2e+04  2e+00  7e-14
 1: -1.6189e+02 -2.2746e+03  3e+03  2e-01  9e-14
 2: -1.5118e+02 -4.7297e+02  4e+02  2e-02  8e-14
 3: -2.0360e+02 -3.4119e+02  1e+02  6e-03  7e-14
 4: -2.1871e+02 -3.1388e+02  1e+02  4e-03  7e-14
 5: -2.3296e+02 -2.8723e+02  6e+01  2e-03  7e-14
 6: -2.4142e+02 -2.7274e+02  3e+01  1e-03  7e-14
 7: -2.4682e+02 -2.6429e+02  2e+01  5e-04  7e-14
 8: -2.5024e+02 -2.5902e+02  9e+00  2e-04  7e-14
 9: -2.5274e+02 -2.5519e+02  2e+00  8e-06  9e-14
10: -2.5352e+02 -2.5425e+02  7e-01  2e-06  8e-14
11: -2.5384e+02 -2.5388e+02  5e-02  1e-13  9e-14
12: -2.5386e+02 -2.5386e+02  2e-03  4e-13  9e-14
13: -2.5386e+02 -2.5386e+02  5e-05  2e-13  9e-14
Optimal solution found.
411 SVs!
Training time for 2.0-vs-9.0: 5.41906404495 seconds
Begin training classifier for label 3.0 and label 4.0 at 2016-05-22, 16:20:49
(1980, 784) (1980,)
gamma =  0.00127551020408
(1980, 784) (1980,)
     pcost       dcost       gap    pres   dres
 0: -2.1792e+02 -4.0098e+03  2e+04  3e+00  7e-14
 1: -1.0315e+02 -2.3158e+03  3e+03  2e-01  8e-14
 2: -9.4114e+01 -4.6081e+02  4e+02  2e-02  7e-14
 3: -1.3980e+02 -2.9619e+02  2e+02  7e-03  6e-14
 4: -1.5998e+02 -2.5078e+02  1e+02  4e-03  6e-14
 5: -1.7066e+02 -2.2910e+02  6e+01  2e-03  6e-14
 6: -1.7905e+02 -2.1344e+02  4e+01  1e-03  6e-14
 7: -1.8480e+02 -2.0286e+02  2e+01  4e-04  6e-14
 8: -1.8897e+02 -1.9600e+02  7e+00  1e-04  6e-14
 9: -1.9087e+02 -1.9298e+02  2e+00  2e-05  7e-14
10: -1.9165e+02 -1.9193e+02  3e-01  2e-13  7e-14
11: -1.9179e+02 -1.9179e+02  7e-03  3e-14  7e-14
12: -1.9179e+02 -1.9179e+02  1e-04  2e-13  7e-14
Optimal solution found.
329 SVs!
Training time for 3.0-vs-4.0: 5.64317893982 seconds
Begin training classifier for label 3.0 and label 5.0 at 2016-05-22, 16:20:55
(1916, 784) (1916,)
gamma =  0.00127551020408
(1916, 784) (1916,)
     pcost       dcost       gap    pres   dres
 0: -5.0150e+02 -4.1957e+03  2e+04  2e+00  1e-13
 1: -3.2562e+02 -2.6007e+03  3e+03  1e-01  1e-13
 2: -3.9297e+02 -7.7268e+02  4e+02  2e-02  1e-13
 3: -4.6699e+02 -6.1553e+02  2e+02  5e-03  1e-13
 4: -5.0139e+02 -5.6024e+02  6e+01  2e-03  1e-13
 5: -5.1544e+02 -5.3958e+02  2e+01  5e-04  1e-13
 6: -5.2274e+02 -5.2911e+02  6e+00  9e-05  1e-13
 7: -5.2499e+02 -5.2611e+02  1e+00  1e-05  1e-13
 8: -5.2546e+02 -5.2552e+02  7e-02  4e-07  2e-13
 9: -5.2549e+02 -5.2549e+02  4e-03  2e-08  2e-13
10: -5.2549e+02 -5.2549e+02  7e-05  3e-10  2e-13
Optimal solution found.
752 SVs!
Training time for 3.0-vs-5.0: 4.47124409676 seconds
Begin training classifier for label 3.0 and label 6.0 at 2016-05-22, 16:20:59
(1935, 784) (1935,)
gamma =  0.00127551020408
(1935, 784) (1935,)
     pcost       dcost       gap    pres   dres
 0: -2.2009e+02 -3.6027e+03  2e+04  2e+00  6e-14
 1: -1.1419e+02 -1.9735e+03  3e+03  2e-01  7e-14
 2: -1.0874e+02 -3.9938e+02  3e+02  2e-02  6e-14
 3: -1.5090e+02 -2.8111e+02  1e+02  7e-03  6e-14
 4: -1.6657e+02 -2.4898e+02  9e+01  4e-03  6e-14
 5: -1.7844e+02 -2.2611e+02  5e+01  2e-03  6e-14
 6: -1.8624e+02 -2.1173e+02  3e+01  9e-04  6e-14
 7: -1.9081e+02 -2.0417e+02  1e+01  4e-04  6e-14
 8: -1.9454e+02 -1.9812e+02  4e+00  4e-05  7e-14
 9: -1.9579e+02 -1.9642e+02  6e-01  1e-13  7e-14
10: -1.9608e+02 -1.9610e+02  2e-02  3e-13  7e-14
11: -1.9609e+02 -1.9609e+02  3e-04  3e-13  7e-14
12: -1.9609e+02 -1.9609e+02  4e-06  2e-13  7e-14
Optimal solution found.
327 SVs!
Training time for 3.0-vs-6.0: 5.05167007446 seconds
Begin training classifier for label 3.0 and label 7.0 at 2016-05-22, 16:21:04
(2053, 784) (2053,)
gamma =  0.00127551020408
(2053, 784) (2053,)
     pcost       dcost       gap    pres   dres
 0: -2.7647e+02 -4.2565e+03  2e+04  3e+00  8e-14
 1: -1.5698e+02 -2.4953e+03  4e+03  3e-01  9e-14
 2: -1.4183e+02 -5.0965e+02  4e+02  2e-02  8e-14
 3: -1.9800e+02 -3.5206e+02  2e+02  6e-03  7e-14
 4: -2.1210e+02 -3.2510e+02  1e+02  4e-03  7e-14
 5: -2.2679e+02 -2.9610e+02  7e+01  2e-03  7e-14
 6: -2.3675e+02 -2.7778e+02  4e+01  1e-03  7e-14
 7: -2.4326e+02 -2.6646e+02  2e+01  5e-04  7e-14
 8: -2.4849e+02 -2.5801e+02  1e+01  2e-04  7e-14
 9: -2.5113e+02 -2.5394e+02  3e+00  3e-05  8e-14
10: -2.5203e+02 -2.5272e+02  7e-01  5e-06  8e-14
11: -2.5231e+02 -2.5236e+02  5e-02  1e-07  9e-14
12: -2.5233e+02 -2.5234e+02  9e-04  3e-09  9e-14
13: -2.5233e+02 -2.5233e+02  2e-05  5e-11  9e-14
Optimal solution found.
394 SVs!
Training time for 3.0-vs-7.0: 5.4267950058 seconds
Begin training classifier for label 3.0 and label 8.0 at 2016-05-22, 16:21:10
(2019, 784) (2019,)
gamma =  0.00127551020408
(2019, 784) (2019,)
     pcost       dcost       gap    pres   dres
 0: -4.6867e+02 -4.9595e+03  3e+04  3e+00  1e-13
 1: -2.8116e+02 -3.1871e+03  4e+03  2e-01  1e-13
 2: -3.2227e+02 -7.7359e+02  5e+02  2e-02  1e-13
 3: -3.9474e+02 -6.0671e+02  2e+02  7e-03  1e-13
 4: -4.3219e+02 -5.3551e+02  1e+02  3e-03  1e-13
 5: -4.4753e+02 -5.0962e+02  6e+01  2e-03  1e-13
 6: -4.5999e+02 -4.8904e+02  3e+01  6e-04  1e-13
 7: -4.6496e+02 -4.8120e+02  2e+01  3e-04  1e-13
 8: -4.6985e+02 -4.7388e+02  4e+00  4e-05  1e-13
 9: -4.7128e+02 -4.7196e+02  7e-01  2e-06  1e-13
10: -4.7156e+02 -4.7164e+02  9e-02  3e-07  1e-13
11: -4.7160e+02 -4.7160e+02  2e-03  4e-09  1e-13
12: -4.7160e+02 -4.7160e+02  4e-05  9e-11  1e-13
Optimal solution found.
677 SVs!
Training time for 3.0-vs-8.0: 5.26991486549 seconds
Begin training classifier for label 3.0 and label 9.0 at 2016-05-22, 16:21:15
(1942, 784) (1942,)
gamma =  0.00127551020408
(1942, 784) (1942,)
     pcost       dcost       gap    pres   dres
 0: -2.8461e+02 -3.8341e+03  2e+04  2e+00  7e-14
 1: -1.6469e+02 -2.2234e+03  3e+03  2e-01  9e-14
 2: -1.6837e+02 -4.9020e+02  4e+02  2e-02  8e-14
 3: -2.1387e+02 -3.7404e+02  2e+02  8e-03  8e-14
 4: -2.3552e+02 -3.2754e+02  1e+02  4e-03  7e-14
 5: -2.4503e+02 -3.0990e+02  7e+01  2e-03  7e-14
 6: -2.5332e+02 -2.9482e+02  4e+01  1e-03  7e-14
 7: -2.5847e+02 -2.8589e+02  3e+01  8e-04  7e-14
 8: -2.6254e+02 -2.7870e+02  2e+01  4e-04  8e-14
 9: -2.6644e+02 -2.7255e+02  6e+00  1e-04  8e-14
10: -2.6833e+02 -2.6972e+02  1e+00  3e-06  9e-14
11: -2.6892e+02 -2.6903e+02  1e-01  2e-07  9e-14
12: -2.6897e+02 -2.6897e+02  3e-03  3e-09  9e-14
13: -2.6897e+02 -2.6897e+02  4e-05  5e-11  9e-14
Optimal solution found.
429 SVs!
Training time for 3.0-vs-9.0: 4.34090805054 seconds
Begin training classifier for label 4.0 and label 5.0 at 2016-05-22, 16:21:19
(1888, 784) (1888,)
gamma =  0.00127551020408
(1888, 784) (1888,)
     pcost       dcost       gap    pres   dres
 0: -2.7024e+02 -3.8097e+03  2e+04  2e+00  7e-14
 1: -1.4628e+02 -2.2094e+03  3e+03  2e-01  9e-14
 2: -1.7676e+02 -4.9511e+02  3e+02  2e-02  9e-14
 3: -2.2811e+02 -3.6977e+02  1e+02  6e-03  8e-14
 4: -2.4706e+02 -3.3444e+02  9e+01  3e-03  8e-14
 5: -2.6211e+02 -3.0595e+02  5e+01  1e-03  8e-14
 6: -2.6980e+02 -2.9296e+02  2e+01  6e-04  8e-14
 7: -2.7463e+02 -2.8528e+02  1e+01  2e-04  8e-14
 8: -2.7798e+02 -2.8023e+02  2e+00  4e-05  9e-14
 9: -2.7881e+02 -2.7904e+02  2e-01  8e-08  1e-13
10: -2.7892e+02 -2.7893e+02  1e-02  5e-09  9e-14
11: -2.7892e+02 -2.7892e+02  3e-04  1e-10  1e-13
12: -2.7892e+02 -2.7892e+02  5e-06  1e-12  1e-13
Optimal solution found.
444 SVs!
Training time for 4.0-vs-5.0: 3.9392850399 seconds
Begin training classifier for label 4.0 and label 6.0 at 2016-05-22, 16:21:23
(1907, 784) (1907,)
gamma =  0.00127551020408
(1907, 784) (1907,)
     pcost       dcost       gap    pres   dres
 0: -2.1140e+02 -3.9702e+03  2e+04  3e+00  8e-14
 1: -9.6710e+01 -2.3104e+03  3e+03  2e-01  8e-14
 2: -1.3047e+02 -4.6314e+02  4e+02  2e-02  8e-14
 3: -1.7842e+02 -3.3230e+02  2e+02  6e-03  7e-14
 4: -1.9288e+02 -3.0382e+02  1e+02  4e-03  7e-14
 5: -2.0854e+02 -2.7037e+02  6e+01  2e-03  6e-14
 6: -2.1630e+02 -2.5591e+02  4e+01  1e-03  6e-14
 7: -2.2315e+02 -2.4347e+02  2e+01  5e-04  6e-14
 8: -2.2696e+02 -2.3684e+02  1e+01  2e-04  7e-14
 9: -2.2917e+02 -2.3328e+02  4e+00  7e-05  7e-14
10: -2.3065e+02 -2.3106e+02  4e-01  2e-06  8e-14
11: -2.3083e+02 -2.3084e+02  2e-02  4e-08  8e-14
12: -2.3083e+02 -2.3083e+02  5e-04  1e-09  8e-14
13: -2.3083e+02 -2.3083e+02  9e-06  2e-11  8e-14
Optimal solution found.
379 SVs!
Training time for 4.0-vs-6.0: 4.35024595261 seconds
Begin training classifier for label 4.0 and label 7.0 at 2016-05-22, 16:21:28
(2025, 784) (2025,)
gamma =  0.00127551020408
(2025, 784) (2025,)
     pcost       dcost       gap    pres   dres
 0: -2.9965e+02 -4.0422e+03  2e+04  2e+00  1e-13
 1: -1.5515e+02 -2.3293e+03  3e+03  2e-01  1e-13
 2: -1.8008e+02 -5.5694e+02  4e+02  2e-02  9e-14
 3: -2.2933e+02 -4.0861e+02  2e+02  8e-03  8e-14
 4: -2.6012e+02 -3.3779e+02  8e+01  3e-03  9e-14
 5: -2.6935e+02 -3.2024e+02  5e+01  2e-03  9e-14
 6: -2.7946e+02 -3.0192e+02  2e+01  6e-04  9e-14
 7: -2.8462e+02 -2.9326e+02  9e+00  2e-04  9e-14
 8: -2.8704e+02 -2.8964e+02  3e+00  4e-05  9e-14
 9: -2.8801e+02 -2.8826e+02  2e-01  4e-13  1e-13
10: -2.8812e+02 -2.8813e+02  1e-02  2e-13  1e-13
11: -2.8813e+02 -2.8813e+02  4e-04  3e-13  1e-13
12: -2.8813e+02 -2.8813e+02  7e-06  4e-14  1e-13
Optimal solution found.
452 SVs!
Training time for 4.0-vs-7.0: 4.66004300117 seconds
Begin training classifier for label 4.0 and label 8.0 at 2016-05-22, 16:21:32
(1991, 784) (1991,)
gamma =  0.00127551020408
(1991, 784) (1991,)
     pcost       dcost       gap    pres   dres
 0: -2.5580e+02 -3.9660e+03  2e+04  2e+00  7e-14
 1: -1.3226e+02 -2.2955e+03  3e+03  2e-01  9e-14
 2: -1.5699e+02 -5.0662e+02  4e+02  2e-02  9e-14
 3: -2.0838e+02 -3.6295e+02  2e+02  7e-03  8e-14
 4: -2.2674e+02 -3.2807e+02  1e+02  3e-03  7e-14
 5: -2.3960e+02 -3.0272e+02  6e+01  2e-03  7e-14
 6: -2.5238e+02 -2.7816e+02  3e+01  6e-04  8e-14
 7: -2.5634e+02 -2.7149e+02  2e+01  3e-04  8e-14
 8: -2.5970e+02 -2.6625e+02  7e+00  9e-05  8e-14
 9: -2.6159e+02 -2.6339e+02  2e+00  1e-05  9e-14
10: -2.6232e+02 -2.6245e+02  1e-01  2e-07  1e-13
11: -2.6238e+02 -2.6238e+02  5e-03  8e-09  9e-14
12: -2.6238e+02 -2.6238e+02  2e-04  2e-10  9e-14
Optimal solution found.
461 SVs!
Training time for 4.0-vs-8.0: 4.76368713379 seconds
Begin training classifier for label 4.0 and label 9.0 at 2016-05-22, 16:21:37
(1914, 784) (1914,)
gamma =  0.00127551020408
(1914, 784) (1914,)
     pcost       dcost       gap    pres   dres
 0: -5.1772e+02 -4.4796e+03  2e+04  3e+00  2e-13
 1: -3.4438e+02 -2.8677e+03  3e+03  8e-02  2e-13
 2: -4.3063e+02 -8.3452e+02  4e+02  1e-02  2e-13
 3: -5.1996e+02 -6.6204e+02  1e+02  3e-03  2e-13
 4: -5.5582e+02 -6.0668e+02  5e+01  9e-04  2e-13
 5: -5.6725e+02 -5.9066e+02  2e+01  3e-04  2e-13
 6: -5.7489e+02 -5.7998e+02  5e+00  5e-05  2e-13
 7: -5.7662e+02 -5.7771e+02  1e+00  8e-06  2e-13
 8: -5.7705e+02 -5.7718e+02  1e-01  8e-07  2e-13
 9: -5.7711e+02 -5.7711e+02  5e-03  2e-08  2e-13
10: -5.7711e+02 -5.7711e+02  2e-04  6e-10  2e-13
Optimal solution found.
864 SVs!
Training time for 4.0-vs-9.0: 3.79883694649 seconds
Begin training classifier for label 5.0 and label 6.0 at 2016-05-22, 16:21:41
(1843, 784) (1843,)
gamma =  0.00127551020408
(1843, 784) (1843,)
     pcost       dcost       gap    pres   dres
 0: -3.3276e+02 -3.9534e+03  2e+04  3e+00  9e-14
 1: -1.8578e+02 -2.3917e+03  3e+03  2e-01  1e-13
 2: -2.0381e+02 -5.4298e+02  4e+02  2e-02  9e-14
 3: -2.6298e+02 -4.0104e+02  1e+02  6e-03  8e-14
 4: -2.8733e+02 -3.6116e+02  8e+01  3e-03  8e-14
 5: -3.0357e+02 -3.3456e+02  3e+01  1e-03  9e-14
 6: -3.0937e+02 -3.2599e+02  2e+01  4e-04  9e-14
 7: -3.1473e+02 -3.1834e+02  4e+00  5e-05  1e-13
 8: -3.1601e+02 -3.1670e+02  7e-01  8e-06  9e-14
 9: -3.1630e+02 -3.1634e+02  4e-02  2e-07  1e-13
10: -3.1632e+02 -3.1632e+02  1e-03  7e-09  1e-13
11: -3.1632e+02 -3.1632e+02  2e-05  1e-10  1e-13
Optimal solution found.
478 SVs!
Training time for 5.0-vs-6.0: 3.73087406158 seconds
Begin training classifier for label 5.0 and label 7.0 at 2016-05-22, 16:21:45
(1961, 784) (1961,)
gamma =  0.00127551020408
(1961, 784) (1961,)
     pcost       dcost       gap    pres   dres
 0: -2.5962e+02 -3.9703e+03  2e+04  2e+00  1e-13
 1: -1.3527e+02 -2.3082e+03  3e+03  2e-01  9e-14
 2: -1.4580e+02 -4.7141e+02  4e+02  2e-02  8e-14
 3: -1.9743e+02 -3.4794e+02  2e+02  7e-03  7e-14
 4: -2.2002e+02 -3.0585e+02  9e+01  3e-03  7e-14
 5: -2.3534e+02 -2.7895e+02  5e+01  1e-03  7e-14
 6: -2.4240e+02 -2.6753e+02  3e+01  7e-04  7e-14
 7: -2.4779e+02 -2.5896e+02  1e+01  2e-04  8e-14
 8: -2.5134e+02 -2.5383e+02  3e+00  4e-05  8e-14
 9: -2.5228e+02 -2.5255e+02  3e-01  4e-13  9e-14
10: -2.5241e+02 -2.5241e+02  8e-03  3e-13  9e-14
11: -2.5241e+02 -2.5241e+02  2e-04  9e-14  9e-14
Optimal solution found.
435 SVs!
Training time for 5.0-vs-7.0: 4.33973383904 seconds
Begin training classifier for label 5.0 and label 8.0 at 2016-05-22, 16:21:49
(1927, 784) (1927,)
gamma =  0.00127551020408
(1927, 784) (1927,)
     pcost       dcost       gap    pres   dres
 0: -4.4129e+02 -4.4363e+03  2e+04  3e+00  1e-13
 1: -2.7031e+02 -2.8113e+03  3e+03  2e-01  1e-13
 2: -3.2503e+02 -7.0732e+02  4e+02  2e-02  1e-13
 3: -3.9781e+02 -5.5984e+02  2e+02  6e-03  1e-13
 4: -4.2686e+02 -5.1267e+02  9e+01  3e-03  1e-13
 5: -4.4621e+02 -4.8146e+02  4e+01  1e-03  1e-13
 6: -4.5081e+02 -4.7486e+02  2e+01  5e-04  1e-13
 7: -4.5720e+02 -4.6565e+02  9e+00  2e-04  1e-13
 8: -4.6000e+02 -4.6181e+02  2e+00  1e-05  1e-13
 9: -4.6068e+02 -4.6099e+02  3e-01  2e-06  1e-13
10: -4.6081e+02 -4.6083e+02  2e-02  7e-08  1e-13
11: -4.6082e+02 -4.6082e+02  4e-04  2e-09  1e-13
Optimal solution found.
765 SVs!
Training time for 5.0-vs-8.0: 3.99696612358 seconds
Begin training classifier for label 5.0 and label 9.0 at 2016-05-22, 16:21:53
(1850, 784) (1850,)
gamma =  0.00127551020408
(1850, 784) (1850,)
     pcost       dcost       gap    pres   dres
 0: -2.9125e+02 -3.8793e+03  2e+04  2e+00  9e-14
 1: -1.6030e+02 -2.3049e+03  3e+03  1e-01  1e-13
 2: -2.0299e+02 -5.4270e+02  4e+02  2e-02  9e-14
 3: -2.6326e+02 -3.9371e+02  1e+02  5e-03  8e-14
 4: -2.8661e+02 -3.5280e+02  7e+01  2e-03  9e-14
 5: -2.9846e+02 -3.3228e+02  3e+01  9e-04  8e-14
 6: -3.0621e+02 -3.1965e+02  1e+01  3e-04  9e-14
 7: -3.1001e+02 -3.1382e+02  4e+00  5e-05  1e-13
 8: -3.1139e+02 -3.1190e+02  5e-01  3e-06  1e-13
 9: -3.1160e+02 -3.1165e+02  4e-02  3e-07  1e-13
10: -3.1162e+02 -3.1163e+02  3e-03  2e-08  1e-13
11: -3.1162e+02 -3.1162e+02  6e-05  3e-10  1e-13
Optimal solution found.
503 SVs!
Training time for 5.0-vs-9.0: 3.37615084648 seconds
Begin training classifier for label 6.0 and label 7.0 at 2016-05-22, 16:21:57
(1980, 784) (1980,)
gamma =  0.00127551020408
(1980, 784) (1980,)
     pcost       dcost       gap    pres   dres
 0: -1.4770e+02 -3.3209e+03  1e+04  2e+00  5e-14
 1: -6.7439e+01 -1.7128e+03  2e+03  2e-01  6e-14
 2: -6.7063e+01 -3.3333e+02  3e+02  2e-02  5e-14
 3: -1.0062e+02 -2.2455e+02  1e+02  7e-03  5e-14
 4: -1.1361e+02 -1.9579e+02  9e+01  4e-03  4e-14
 5: -1.2171e+02 -1.7806e+02  6e+01  3e-03  4e-14
 6: -1.2917e+02 -1.6231e+02  3e+01  1e-03  4e-14
 7: -1.3370e+02 -1.5350e+02  2e+01  5e-04  4e-14
 8: -1.3812e+02 -1.4580e+02  8e+00  1e-04  5e-14
 9: -1.4047e+02 -1.4202e+02  2e+00  1e-13  5e-14
10: -1.4112e+02 -1.4127e+02  2e-01  3e-13  5e-14
11: -1.4118e+02 -1.4119e+02  5e-03  2e-13  5e-14
12: -1.4119e+02 -1.4119e+02  1e-04  9e-14  5e-14
Optimal solution found.
267 SVs!
Training time for 6.0-vs-7.0: 4.26111292839 seconds
Begin training classifier for label 6.0 and label 8.0 at 2016-05-22, 16:22:01
(1946, 784) (1946,)
gamma =  0.00127551020408
(1946, 784) (1946,)
     pcost       dcost       gap    pres   dres
 0: -2.6395e+02 -3.9360e+03  2e+04  2e+00  7e-14
 1: -1.3967e+02 -2.2708e+03  3e+03  2e-01  8e-14
 2: -1.4820e+02 -4.7124e+02  4e+02  2e-02  8e-14
 3: -1.9887e+02 -3.5208e+02  2e+02  7e-03  7e-14
 4: -2.2104e+02 -3.0643e+02  9e+01  3e-03  7e-14
 5: -2.3223e+02 -2.8566e+02  6e+01  2e-03  6e-14
 6: -2.4169e+02 -2.6881e+02  3e+01  8e-04  7e-14
 7: -2.4719e+02 -2.5990e+02  1e+01  3e-04  7e-14
 8: -2.5099e+02 -2.5403e+02  3e+00  5e-05  8e-14
 9: -2.5205e+02 -2.5259e+02  5e-01  7e-06  8e-14
10: -2.5228e+02 -2.5230e+02  2e-02  7e-08  8e-14
11: -2.5229e+02 -2.5229e+02  3e-04  1e-09  8e-14
12: -2.5229e+02 -2.5229e+02  4e-06  1e-11  8e-14
Optimal solution found.
389 SVs!
Training time for 6.0-vs-8.0: 3.94251704216 seconds
Begin training classifier for label 6.0 and label 9.0 at 2016-05-22, 16:22:05
(1869, 784) (1869,)
gamma =  0.00127551020408
(1869, 784) (1869,)
     pcost       dcost       gap    pres   dres
 0: -1.5050e+02 -3.7808e+03  2e+04  3e+00  5e-14
 1: -5.2165e+01 -2.1239e+03  3e+03  2e-01  6e-14
 2: -7.5703e+01 -3.8567e+02  3e+02  2e-02  6e-14
 3: -1.1783e+02 -2.4534e+02  1e+02  5e-03  5e-14
 4: -1.2950e+02 -2.2431e+02  1e+02  3e-03  5e-14
 5: -1.4293e+02 -1.9649e+02  6e+01  2e-03  5e-14
 6: -1.5027e+02 -1.8287e+02  3e+01  9e-04  5e-14
 7: -1.5563e+02 -1.7303e+02  2e+01  4e-04  5e-14
 8: -1.5824e+02 -1.6856e+02  1e+01  2e-04  5e-14
 9: -1.6084e+02 -1.6437e+02  4e+00  5e-05  5e-14
10: -1.6202e+02 -1.6261e+02  6e-01  1e-06  6e-14
11: -1.6227e+02 -1.6233e+02  7e-02  1e-07  6e-14
12: -1.6230e+02 -1.6230e+02  2e-03  3e-09  6e-14
13: -1.6230e+02 -1.6230e+02  3e-05  4e-11  6e-14
Optimal solution found.
283 SVs!
Training time for 6.0-vs-9.0: 3.85712695122 seconds
Begin training classifier for label 7.0 and label 8.0 at 2016-05-22, 16:22:09
(2064, 784) (2064,)
gamma =  0.00127551020408
(2064, 784) (2064,)
     pcost       dcost       gap    pres   dres
 0: -2.6375e+02 -3.9123e+03  2e+04  2e+00  1e-13
 1: -1.4674e+02 -2.2139e+03  3e+03  2e-01  9e-14
 2: -1.5056e+02 -4.7453e+02  4e+02  2e-02  8e-14
 3: -2.0378e+02 -3.3988e+02  1e+02  6e-03  7e-14
 4: -2.1849e+02 -3.1506e+02  1e+02  4e-03  7e-14
 5: -2.3452e+02 -2.8574e+02  5e+01  2e-03  7e-14
 6: -2.4250e+02 -2.7268e+02  3e+01  9e-04  7e-14
 7: -2.4795e+02 -2.6412e+02  2e+01  4e-04  7e-14
 8: -2.5211e+02 -2.5752e+02  5e+00  2e-05  9e-14
 9: -2.5377e+02 -2.5543e+02  2e+00  3e-06  8e-14
10: -2.5441e+02 -2.5465e+02  2e-01  2e-13  9e-14
11: -2.5452e+02 -2.5453e+02  6e-03  4e-13  9e-14
12: -2.5453e+02 -2.5453e+02  1e-04  5e-13  9e-14
Optimal solution found.
418 SVs!
Training time for 7.0-vs-8.0: 5.26759696007 seconds
Begin training classifier for label 7.0 and label 9.0 at 2016-05-22, 16:22:14
(1987, 784) (1987,)
gamma =  0.00127551020408
(1987, 784) (1987,)
     pcost       dcost       gap    pres   dres
 0: -4.9955e+02 -4.5862e+03  2e+04  3e+00  1e-13
 1: -3.0820e+02 -2.9136e+03  3e+03  2e-01  2e-13
 2: -3.6512e+02 -7.4358e+02  4e+02  2e-02  1e-13
 3: -4.4370e+02 -6.0085e+02  2e+02  6e-03  1e-13
 4: -4.7189e+02 -5.6071e+02  9e+01  3e-03  1e-13
 5: -4.9282e+02 -5.2957e+02  4e+01  9e-04  1e-13
 6: -5.0182e+02 -5.1695e+02  2e+01  3e-04  1e-13
 7: -5.0560e+02 -5.1180e+02  6e+00  9e-05  2e-13
 8: -5.0794e+02 -5.0880e+02  9e-01  6e-06  2e-13
 9: -5.0831e+02 -5.0836e+02  5e-02  3e-07  2e-13
10: -5.0833e+02 -5.0833e+02  1e-03  6e-09  2e-13
11: -5.0833e+02 -5.0833e+02  2e-05  1e-10  2e-13
Optimal solution found.
718 SVs!
Training time for 7.0-vs-9.0: 4.01460886002 seconds
Begin training classifier for label 8.0 and label 9.0 at 2016-05-22, 16:22:18
(1953, 784) (1953,)
gamma =  0.00127551020408
(1953, 784) (1953,)
     pcost       dcost       gap    pres   dres
 0: -3.2422e+02 -4.1259e+03  2e+04  3e+00  9e-14
 1: -1.8546e+02 -2.5036e+03  3e+03  2e-01  1e-13
 2: -2.1558e+02 -5.9608e+02  4e+02  2e-02  1e-13
 3: -2.7639e+02 -4.2227e+02  2e+02  6e-03  9e-14
 4: -2.9660e+02 -3.8726e+02  9e+01  3e-03  9e-14
 5: -3.1032e+02 -3.6316e+02  5e+01  2e-03  9e-14
 6: -3.1726e+02 -3.5139e+02  3e+01  9e-04  9e-14
 7: -3.2588e+02 -3.3722e+02  1e+01  2e-04  1e-13
 8: -3.2950e+02 -3.3194e+02  2e+00  2e-05  1e-13
 9: -3.3042e+02 -3.3075e+02  3e-01  2e-06  1e-13
10: -3.3056e+02 -3.3058e+02  1e-02  9e-08  1e-13
11: -3.3057e+02 -3.3057e+02  5e-04  3e-09  1e-13
12: -3.3057e+02 -3.3057e+02  8e-06  4e-11  1e-13
Optimal solution found.
498 SVs!
Training time for 8.0-vs-9.0: 4.57793688774 seconds
Total Training time:  246.890934944
Total Predicting time:  57.6898500919
predicted classes: [6 1 3 ..., 2 2 9]


Classification report for classifier <svm.MultiSVM instance at 0x7f81d2878950>:
             precision    recall  f1-score   support

        0.0       0.96      0.97      0.96      5892
        1.0       0.93      0.98      0.95      6745
        2.0       0.91      0.90      0.91      5958
        3.0       0.92      0.87      0.89      6137
        4.0       0.91      0.93      0.92      5848
        5.0       0.86      0.90      0.88      5401
        6.0       0.94      0.95      0.94      5945
        7.0       0.93      0.92      0.93      6244
        8.0       0.92      0.87      0.89      5810
        9.0       0.90      0.88      0.89      6020

avg / total       0.92      0.92      0.92     60000


Confusion matrix:
[[5711    1   24   15   12   49   35    6   37    2]
 [   0 6601   41   16    4   24   10    8   32    9]
 [  53   43 5348   56   97   34  112   83  119   13]
 [  25   52  126 5359    5  311   25   76  122   36]
 [   7   32   40    0 5436   10   44   17   22  240]
 [  41   98   25  151   41 4869   86    9   50   31]
 [  51   28   75    4   38   95 5633    0   21    0]
 [  10   87   90   13   76   21    1 5745   19  182]
 [  26  137   56  137   36  193   42   24 5074   85]
 [  46   42   29   95  228   44    2  193   47 5294]]


For training set!


Classification report for classifier <svm.MultiSVM instance at 0x7f81d2878950>:
             precision    recall  f1-score   support

        0.0       0.97      0.97      0.97      1011
        1.0       0.92      0.98      0.95      1132
        2.0       0.93      0.91      0.92      1032
        3.0       0.94      0.89      0.91      1004
        4.0       0.92      0.93      0.93       976
        5.0       0.88      0.93      0.90       912
        6.0       0.94      0.97      0.95       931
        7.0       0.93      0.93      0.93      1049
        8.0       0.93      0.86      0.90      1015
        9.0       0.90      0.90      0.90       938

avg / total       0.93      0.93      0.93     10000


Confusion matrix:
[[ 980    0    4    1    2   10    4    2    8    0]
 [   0 1111    4    2    1    5    0    4    5    0]
 [   7    8  937   10   11    3   15   16   22    3]
 [   0    9   23  889    2   46    3    8   18    6]
 [   2    4    4    0  911    0    7    0    0   48]
 [   4   10    4   18    5  848   16    2    4    1]
 [   2    3    2    0    5   15  900    0    4    0]
 [   4   16   12    0   14    4    0  974    2   23]
 [   5   34   12   21    5   28    8    8  877   17]
 [   7    7    4    7   29    5    1   29    4  845]]

Process finished with exit code 0
