/usr/bin/python2.7 /home/soloice/PycharmProjects/SVM_RC/src2/svm_test_full.py
<type 'numpy.ndarray'>
shape (full): (70000, 784) (70000,)
(10000, 784) Counter({1.0: 1148, 7.0: 1096, 3.0: 1035, 0.0: 1011, 8.0: 991, 6.0: 977, 9.0: 967, 2.0: 951, 4.0: 948, 5.0: 876})
(60000, 784) Counter({1.0: 6729, 7.0: 6197, 3.0: 6106, 2.0: 6039, 9.0: 5991, 6.0: 5899, 0.0: 5892, 4.0: 5876, 8.0: 5834, 5.0: 5437})
(10000, 784) (10000,)
[ 0.  1.  2.  3.  4.  5.  6.  7.  8.  9.]
Begin training classifier for label 0.0 and label 1.0 at 2016-05-20, 13:27:50
(2159, 784) (2159,)
Begin SMO5...
Finish SMO5...
43 SVs!
Training time for 0.0-vs-1.0: 26.4954800606 seconds
Begin training classifier for label 0.0 and label 2.0 at 2016-05-20, 13:28:16
(1962, 784) (1962,)
Begin SMO5...
Finish SMO5...
119 SVs!
Training time for 0.0-vs-2.0: 161.883594036 seconds
Begin training classifier for label 0.0 and label 3.0 at 2016-05-20, 13:30:58
(2046, 784) (2046,)
Begin SMO5...
Finish SMO5...
95 SVs!
Training time for 0.0-vs-3.0: 95.5204219818 seconds
Begin training classifier for label 0.0 and label 4.0 at 2016-05-20, 13:32:34
(1959, 784) (1959,)
Begin SMO5...
Finish SMO5...
93 SVs!
Training time for 0.0-vs-4.0: 85.4980778694 seconds
Begin training classifier for label 0.0 and label 5.0 at 2016-05-20, 13:33:59
(1887, 784) (1887,)
Begin SMO5...
Finish SMO5...
152 SVs!
Training time for 0.0-vs-5.0: 172.189646006 seconds
Begin training classifier for label 0.0 and label 6.0 at 2016-05-20, 13:36:52
(1988, 784) (1988,)
Begin SMO5...
Finish SMO5...
112 SVs!
Training time for 0.0-vs-6.0: 141.930078983 seconds
Begin training classifier for label 0.0 and label 7.0 at 2016-05-20, 13:39:14
(2107, 784) (2107,)
Begin SMO5...
Finish SMO5...
82 SVs!
Training time for 0.0-vs-7.0: 73.5359518528 seconds
Begin training classifier for label 0.0 and label 8.0 at 2016-05-20, 13:40:27
(2002, 784) (2002,)
Begin SMO5...
Finish SMO5...
133 SVs!
Training time for 0.0-vs-8.0: 208.405147076 seconds
Begin training classifier for label 0.0 and label 9.0 at 2016-05-20, 13:43:56
(1978, 784) (1978,)
Begin SMO5...
Finish SMO5...
91 SVs!
Training time for 0.0-vs-9.0: 98.0309078693 seconds
Begin training classifier for label 1.0 and label 2.0 at 2016-05-20, 13:45:34
(2099, 784) (2099,)
Begin SMO5...
Finish SMO5...
105 SVs!
Training time for 1.0-vs-2.0: 135.531474113 seconds
Begin training classifier for label 1.0 and label 3.0 at 2016-05-20, 13:47:49
(2183, 784) (2183,)
Begin SMO5...
Finish SMO5...
108 SVs!
Training time for 1.0-vs-3.0: 211.556691885 seconds
Begin training classifier for label 1.0 and label 4.0 at 2016-05-20, 13:51:21
(2096, 784) (2096,)
Begin SMO5...
Finish SMO5...
68 SVs!
Training time for 1.0-vs-4.0: 81.3821210861 seconds
Begin training classifier for label 1.0 and label 5.0 at 2016-05-20, 13:52:42
(2024, 784) (2024,)
Begin SMO5...
Finish SMO5...
82 SVs!
Training time for 1.0-vs-5.0: 91.0852270126 seconds
Begin training classifier for label 1.0 and label 6.0 at 2016-05-20, 13:54:13
(2125, 784) (2125,)
Begin SMO5...
Finish SMO5...
66 SVs!
Training time for 1.0-vs-6.0: 60.9787430763 seconds
Begin training classifier for label 1.0 and label 7.0 at 2016-05-20, 13:55:14
(2244, 784) (2244,)
Begin SMO5...
Finish SMO5...
78 SVs!
Training time for 1.0-vs-7.0: 119.066940069 seconds
Begin training classifier for label 1.0 and label 8.0 at 2016-05-20, 13:57:13
(2139, 784) (2139,)
Begin SMO5...
Finish SMO5...
123 SVs!
Training time for 1.0-vs-8.0: 165.842005968 seconds
Begin training classifier for label 1.0 and label 9.0 at 2016-05-20, 13:59:59
(2115, 784) (2115,)
Begin SMO5...
Finish SMO5...
66 SVs!
Training time for 1.0-vs-9.0: 60.3251791 seconds
Begin training classifier for label 2.0 and label 3.0 at 2016-05-20, 14:01:00
(1986, 784) (1986,)
Begin SMO5...
Finish SMO5...
187 SVs!
Training time for 2.0-vs-3.0: 355.861301899 seconds
Begin training classifier for label 2.0 and label 4.0 at 2016-05-20, 14:06:55
(1899, 784) (1899,)
Begin SMO5...
Finish SMO5...
152 SVs!
Training time for 2.0-vs-4.0: 218.107018948 seconds
Begin training classifier for label 2.0 and label 5.0 at 2016-05-20, 14:10:34
(1827, 784) (1827,)
Begin SMO5...
Finish SMO5...
174 SVs!
Training time for 2.0-vs-5.0: 203.61364603 seconds
Begin training classifier for label 2.0 and label 6.0 at 2016-05-20, 14:13:57
(1928, 784) (1928,)
Begin SMO5...
Finish SMO5...
194 SVs!
Training time for 2.0-vs-6.0: 477.13865304 seconds
Begin training classifier for label 2.0 and label 7.0 at 2016-05-20, 14:21:54
(2047, 784) (2047,)
Begin SMO5...
Finish SMO5...
161 SVs!
Training time for 2.0-vs-7.0: 249.17115593 seconds
Begin training classifier for label 2.0 and label 8.0 at 2016-05-20, 14:26:04
(1942, 784) (1942,)
Begin SMO5...
Finish SMO5...
194 SVs!
Training time for 2.0-vs-8.0: 309.459420919 seconds
Begin training classifier for label 2.0 and label 9.0 at 2016-05-20, 14:31:13
(1918, 784) (1918,)
Begin SMO5...
Finish SMO5...
147 SVs!
Training time for 2.0-vs-9.0: 190.242931128 seconds
Begin training classifier for label 3.0 and label 4.0 at 2016-05-20, 14:34:23
(1983, 784) (1983,)
Begin SMO5...
Finish SMO5...
95 SVs!
Training time for 3.0-vs-4.0: 66.7855520248 seconds
Begin training classifier for label 3.0 and label 5.0 at 2016-05-20, 14:35:30
(1911, 784) (1911,)
Begin SMO5...
Finish SMO5...
237 SVs!
Training time for 3.0-vs-5.0: 814.941096067 seconds
Begin training classifier for label 3.0 and label 6.0 at 2016-05-20, 14:49:05
(2012, 784) (2012,)
Begin SMO5...
Finish SMO5...
97 SVs!
Training time for 3.0-vs-6.0: 94.0545530319 seconds
Begin training classifier for label 3.0 and label 7.0 at 2016-05-20, 14:50:39
(2131, 784) (2131,)
Begin SMO5...
Finish SMO5...
149 SVs!
Training time for 3.0-vs-7.0: 231.134347916 seconds
Begin training classifier for label 3.0 and label 8.0 at 2016-05-20, 14:54:30
(2026, 784) (2026,)
Begin SMO5...
Finish SMO5...
212 SVs!
Training time for 3.0-vs-8.0: 458.964443922 seconds
Begin training classifier for label 3.0 and label 9.0 at 2016-05-20, 15:02:09
(2002, 784) (2002,)
Begin SMO5...
Finish SMO5...
137 SVs!
Training time for 3.0-vs-9.0: 199.625161886 seconds
Begin training classifier for label 4.0 and label 5.0 at 2016-05-20, 15:05:29
(1824, 784) (1824,)
Begin SMO5...
Finish SMO5...
127 SVs!
Training time for 4.0-vs-5.0: 113.91668582 seconds
Begin training classifier for label 4.0 and label 6.0 at 2016-05-20, 15:07:23
(1925, 784) (1925,)
Begin SMO5...
Finish SMO5...
122 SVs!
Training time for 4.0-vs-6.0: 127.167671919 seconds
Begin training classifier for label 4.0 and label 7.0 at 2016-05-20, 15:09:30
(2044, 784) (2044,)
Begin SMO5...
Finish SMO5...
133 SVs!
Training time for 4.0-vs-7.0: 188.446185112 seconds
Begin training classifier for label 4.0 and label 8.0 at 2016-05-20, 15:12:39
(1939, 784) (1939,)
Begin SMO5...
Finish SMO5...
107 SVs!
Training time for 4.0-vs-8.0: 99.6319258213 seconds
Begin training classifier for label 4.0 and label 9.0 at 2016-05-20, 15:14:18
(1915, 784) (1915,)
Begin SMO5...
Finish SMO5...
225 SVs!
Training time for 4.0-vs-9.0: 531.761019945 seconds
Begin training classifier for label 5.0 and label 6.0 at 2016-05-20, 15:23:10
(1853, 784) (1853,)
Begin SMO5...
Finish SMO5...
162 SVs!
Training time for 5.0-vs-6.0: 205.866953135 seconds
Begin training classifier for label 5.0 and label 7.0 at 2016-05-20, 15:26:36
(1972, 784) (1972,)
Begin SMO5...
Finish SMO5...
99 SVs!
Training time for 5.0-vs-7.0: 88.7538750172 seconds
Begin training classifier for label 5.0 and label 8.0 at 2016-05-20, 15:28:05
(1867, 784) (1867,)
Begin SMO5...
Finish SMO5...
236 SVs!
Training time for 5.0-vs-8.0: 735.19187212 seconds
Begin training classifier for label 5.0 and label 9.0 at 2016-05-20, 15:40:20
(1843, 784) (1843,)
Begin SMO5...
Finish SMO5...
148 SVs!
Training time for 5.0-vs-9.0: 218.495990038 seconds
Begin training classifier for label 6.0 and label 7.0 at 2016-05-20, 15:43:58
(2073, 784) (2073,)
Begin SMO5...
Finish SMO5...
79 SVs!
Training time for 6.0-vs-7.0: 59.0970220566 seconds
Begin training classifier for label 6.0 and label 8.0 at 2016-05-20, 15:44:58
(1968, 784) (1968,)
Begin SMO5...
Finish SMO5...
112 SVs!
Training time for 6.0-vs-8.0: 129.665190935 seconds
Begin training classifier for label 6.0 and label 9.0 at 2016-05-20, 15:47:07
(1944, 784) (1944,)
Begin SMO5...
Finish SMO5...
77 SVs!
Training time for 6.0-vs-9.0: 67.6735861301 seconds
Begin training classifier for label 7.0 and label 8.0 at 2016-05-20, 15:48:15
(2087, 784) (2087,)
Begin SMO5...
Finish SMO5...
109 SVs!
Training time for 7.0-vs-8.0: 132.233994007 seconds
Begin training classifier for label 7.0 and label 9.0 at 2016-05-20, 15:50:27
(2063, 784) (2063,)
Begin SMO5...
Finish SMO5...
270 SVs!
Training time for 7.0-vs-9.0: 873.836603165 seconds
Begin training classifier for label 8.0 and label 9.0 at 2016-05-20, 16:05:01
(1958, 784) (1958,)
Begin SMO5...
Finish SMO5...
141 SVs!
Training time for 8.0-vs-9.0: 252.604191065 seconds
Total Training time:  9683.80163598
Total Predicting time:  12.0104091167
predicted classes: [7 2 5 ..., 8 4 5]


Classification report for classifier <svm.MultiSVM instance at 0x7f5112542830>:
             precision    recall  f1-score   support

        0.0       0.95      0.96      0.95      5892
        1.0       0.94      0.98      0.96      6729
        2.0       0.88      0.91      0.89      6039
        3.0       0.88      0.90      0.89      6106
        4.0       0.91      0.92      0.91      5876
        5.0       0.89      0.85      0.87      5437
        6.0       0.95      0.95      0.95      5899
        7.0       0.92      0.93      0.92      6197
        8.0       0.91      0.84      0.88      5834
        9.0       0.89      0.87      0.88      5991

avg / total       0.91      0.91      0.91     60000


Confusion matrix:
[[5681    0   35   11   12   86   42    4   16    5]
 [   0 6597   40    9   10    6    6   16   39    6]
 [  61   74 5467   91   83   31   51   78   95    8]
 [  27   42  152 5488   24  166   16   37  123   31]
 [  14   18   62    5 5419    1   36   40   16  265]
 [  55   60   70  296   66 4642  100    8   92   48]
 [  51   22   99    4   37   92 5580    1   13    0]
 [  14   42   73   36   62   10    5 5750   21  184]
 [  69  164  130  192   35  173   50   50 4906   65]
 [  36   27   55   77  230   26    1  280   44 5215]]


For training set!


Classification report for classifier <svm.MultiSVM instance at 0x7f5112542830>:
             precision    recall  f1-score   support

        0.0       1.00      1.00      1.00      1011
        1.0       1.00      1.00      1.00      1148
        2.0       1.00      1.00      1.00       951
        3.0       1.00      1.00      1.00      1035
        4.0       0.99      0.99      0.99       948
        5.0       1.00      0.99      0.99       876
        6.0       1.00      1.00      1.00       977
        7.0       0.99      1.00      0.99      1096
        8.0       1.00      1.00      1.00       991
        9.0       0.99      0.98      0.99       967

avg / total       1.00      1.00      1.00     10000


Confusion matrix:
[[1011    0    0    0    0    0    0    0    0    0]
 [   0 1148    0    0    0    0    0    0    0    0]
 [   0    0  951    0    0    0    0    0    0    0]
 [   0    1    0 1031    0    1    0    0    2    0]
 [   0    0    0    0  943    0    0    0    0    5]
 [   0    2    0    2    0  870    1    0    1    0]
 [   0    0    0    0    0    0  977    0    0    0]
 [   0    0    0    0    0    0    0 1092    0    4]
 [   0    0    0    2    0    2    0    0  987    0]
 [   0    0    0    0    6    0    0   10    0  951]]

Process finished with exit code 0
